
[D:\zhubin\auto_framwork\zed\Common\Request.py:send_request:59]   [ERROR]  [2022-07-14 10:33:18,420]   [unkown error]

[D:\zhubin\auto_framwork\zed\Common\Request.py:send_request:59]   [ERROR]  [2022-07-14 10:42:34,411]   [unkown error]

[D:\zhubin\auto_framwork\zed\Common\Request.py:send_request:59]   [ERROR]  [2022-07-14 11:02:57,372]   [unkown error]

[D:\zhubin\auto_framwork\zed\Common\Request.py:send_request:59]   [ERROR]  [2022-07-14 11:04:16,373]   [unkown error]

[D:\zhubin\auto_framwork\zed\Common\Request.py:send_request:59]   [ERROR]  [2022-07-14 11:12:40,401]   [unkown error]

[D:\zhubin\auto_framwork\zed\Common\Request.py:send_request:59]   [ERROR]  [2022-07-14 11:38:09,642]   [unkown error]

[D:\zhubin\auto_framwork\zed\Common\Request.py:send_request:55]   [ERROR]  [2022-07-14 11:47:17,960]   [unkown error]

[D:\zhubin\auto_framwork\zed\Common\Request.py:send_request:55]   [ERROR]  [2022-07-14 11:55:10,593]   [unkown error]

[D:\zhubin\auto_framwork\zed\Common\Request.py:send_request:55]   [ERROR]  [2022-07-14 11:56:30,752]   [unkown error]

[D:\zhubin\auto_framwork\zed\Common\Request.py:send_request:54]   [ERROR]  [2022-07-14 11:57:13,113]   [unkown error]

[D:\zhubin\auto_framwork\zed\Common\Request.py:send_request:54]   [ERROR]  [2022-07-14 11:58:06,283]   [unkown error]

[D:\zhubin\auto_framwork\zed\Common\Assert.py:assert_in:47]   [INFO]  [2022-07-14 11:58:06,285]   [用例:[上传照片] 执行成功!!!***实际结果: {'errCode': '1', 'errMsg': '响应成功', 'data': [{'fileId': '4028894081f61a280181fadbfa530005', 'fileName': 'ZED001.jpeg', 'filePath': 'http://192.168.9.192:9998/20220714/4028894081f61a280181fadbfa530005.jpeg', 'fileType': 'jpeg', 'createTime': '2022-07-14T03:58:49.426+0000', 'salesCenterId': None, 'fileSize': 15774}], 'success': True}包含预期结果: {'success': True}
]

[D:\zhubin\auto_framwork\zed\Common\Request.py:send_request:54]   [ERROR]  [2022-07-14 11:58:06,368]   [unkown error]

[D:\zhubin\auto_framwork\zed\Common\Assert.py:assert_in:47]   [INFO]  [2022-07-14 11:58:06,368]   [用例:[上传错误格式照片（满足要求照片格式：JPG\PNG）] 执行成功!!!***实际结果: {'errCode': '1', 'errMsg': '响应成功', 'data': [{'fileId': '4028894081f61a280181fadbfab60006', 'fileName': 'ZED001.jpeg', 'filePath': 'http://192.168.9.192:9998/20220714/4028894081f61a280181fadbfab60006.jpeg', 'fileType': 'jpeg', 'createTime': '2022-07-14T03:58:49.526+0000', 'salesCenterId': None, 'fileSize': 15774}], 'success': True}包含预期结果: {'success': True}
]

[D:\zhubin\auto_framwork\zed\Common\Request.py:send_request:54]   [ERROR]  [2022-07-14 13:13:17,610]   [unkown error]

[D:\zhubin\auto_framwork\zed\Common\Request.py:send_request:55]   [ERROR]  [2022-07-14 14:03:54,514]   [unkown error]

[D:\zhubin\auto_framwork\zed\Common\Assert.py:assert_in:47]   [INFO]  [2022-07-14 14:03:54,515]   [用例:[上传照片] 执行成功!!!***实际结果: {'errCode': '1', 'errMsg': '响应成功', 'data': [{'fileId': '4028894081f61a280181fb4f280b0008', 'fileName': 'ZED001.jpeg', 'filePath': 'http://192.168.9.192:9998/20220714/4028894081f61a280181fb4f280b0008.jpeg', 'fileType': 'jpeg', 'createTime': '2022-07-14T06:04:37.771+0000', 'salesCenterId': None, 'fileSize': 15774}], 'success': True}包含预期结果: {'success': True}
]

[D:\zhubin\auto_framwork\zed\Common\Request.py:send_request:55]   [ERROR]  [2022-07-14 14:03:54,604]   [unkown error]

[D:\zhubin\auto_framwork\zed\Common\Assert.py:assert_in:47]   [INFO]  [2022-07-14 14:03:54,604]   [用例:[上传错误格式照片（满足要求照片格式：JPG\PNG）] 执行成功!!!***实际结果: {'errCode': '1', 'errMsg': '响应成功', 'data': [{'fileId': '4028894081f61a280181fb4f285b0009', 'fileName': 'ZED001.jpeg', 'filePath': 'http://192.168.9.192:9998/20220714/4028894081f61a280181fb4f285b0009.jpeg', 'fileType': 'jpeg', 'createTime': '2022-07-14T06:04:37.850+0000', 'salesCenterId': None, 'fileSize': 15774}], 'success': True}包含预期结果: {'success': True}
]

[D:\zhubin\auto_framwork\zed\Common\Request.py:send_request:55]   [ERROR]  [2022-07-14 14:34:39,048]   [unkown error]

[D:\zhubin\auto_framwork\zed\TestCase\Attendance\test_attendance.py:test_attendance:31]   [ERROR]  [2022-07-14 14:34:39,049]   [token已过期，请重新获取！！！]

[D:\zhubin\auto_framwork\zed\Common\Request.py:send_request:55]   [ERROR]  [2022-07-14 14:34:39,099]   [unkown error]

[D:\zhubin\auto_framwork\zed\TestCase\Attendance\test_attendance.py:test_query_department:49]   [ERROR]  [2022-07-14 14:34:39,099]   [token已过期，请重新获取！！！]

[D:\zhubin\auto_framwork\zed\Common\Request.py:send_request:55]   [ERROR]  [2022-07-14 14:34:39,149]   [unkown error]

[D:\zhubin\auto_framwork\zed\TestCase\Attendance\test_attendance.py:test_query_name:68]   [ERROR]  [2022-07-14 14:34:39,150]   [token已过期，请重新获取！！！]

[D:\zhubin\auto_framwork\zed\Common\Request.py:send_request:55]   [ERROR]  [2022-07-14 14:34:39,214]   [unkown error]

[D:\zhubin\auto_framwork\zed\TestCase\Attendance\test_attendance.py:test_query_position:87]   [ERROR]  [2022-07-14 14:34:39,215]   [token已过期，请重新获取！！！]

[D:\zhubin\auto_framwork\zed\Common\Request.py:send_request:55]   [ERROR]  [2022-07-14 14:34:39,311]   [unkown error]

[D:\zhubin\auto_framwork\zed\Common\Assert.py:assert_in:47]   [INFO]  [2022-07-14 14:34:39,311]   [用例:[上传照片] 执行成功!!!***实际结果: {'errCode': '1', 'errMsg': '响应成功', 'data': [{'fileId': '4028894081f61a280181fb6b4e61000a', 'fileName': 'ZED001.jpeg', 'filePath': 'http://192.168.9.192:9998/20220714/4028894081f61a280181fb6b4e61000a.jpeg', 'fileType': 'jpeg', 'createTime': '2022-07-14T06:35:22.592+0000', 'salesCenterId': None, 'fileSize': 15774}], 'success': True}包含预期结果: {'success': True}
]

[D:\zhubin\auto_framwork\zed\Common\Request.py:send_request:55]   [ERROR]  [2022-07-14 14:34:39,424]   [unkown error]

[D:\zhubin\auto_framwork\zed\Common\Assert.py:assert_in:47]   [INFO]  [2022-07-14 14:34:39,425]   [用例:[上传错误格式照片（满足要求照片格式：JPG\PNG）] 执行成功!!!***实际结果: {'errCode': '1', 'errMsg': '响应成功', 'data': [{'fileId': '4028894081f61a280181fb6b4ed5000b', 'fileName': 'ZED001.jpeg', 'filePath': 'http://192.168.9.192:9998/20220714/4028894081f61a280181fb6b4ed5000b.jpeg', 'fileType': 'jpeg', 'createTime': '2022-07-14T06:35:22.709+0000', 'salesCenterId': None, 'fileSize': 15774}], 'success': True}包含预期结果: {'success': True}
]

[D:\zhubin\auto_framwork\zed\Common\Request.py:send_request:55]   [ERROR]  [2022-07-14 14:34:39,485]   [unkown error]

[D:\zhubin\auto_framwork\zed\TestCase\MessageNotice\test_messageNotice.py:test_msg:53]   [ERROR]  [2022-07-14 14:34:39,485]   [token已过期，请重新获取！！！]

[D:\zhubin\auto_framwork\zed\Common\Request.py:send_request:55]   [ERROR]  [2022-07-14 14:34:39,538]   [unkown error]

[D:\zhubin\auto_framwork\zed\TestCase\MessageNotice\test_messageNotice.py:test_msg:53]   [ERROR]  [2022-07-14 14:34:39,538]   [token已过期，请重新获取！！！]

[D:\zhubin\auto_framwork\zed\Common\Request.py:send_request:55]   [ERROR]  [2022-07-14 14:34:39,597]   [unkown error]

[D:\zhubin\auto_framwork\zed\TestCase\MessageNotice\test_messageNotice.py:test_msg:53]   [ERROR]  [2022-07-14 14:34:39,598]   [token已过期，请重新获取！！！]

[D:\zhubin\auto_framwork\zed\Common\Request.py:send_request:55]   [ERROR]  [2022-07-14 14:34:39,648]   [unkown error]

[D:\zhubin\auto_framwork\zed\TestCase\MessageNotice\test_messageNotice.py:test_msg:53]   [ERROR]  [2022-07-14 14:34:39,648]   [token已过期，请重新获取！！！]

[D:\zhubin\auto_framwork\zed\Common\Request.py:send_request:55]   [ERROR]  [2022-07-14 14:34:39,707]   [unkown error]

[D:\zhubin\auto_framwork\zed\TestCase\MessageNotice\test_messageNotice.py:test_msg:53]   [ERROR]  [2022-07-14 14:34:39,707]   [token已过期，请重新获取！！！]

[D:\zhubin\auto_framwork\zed\Common\Request.py:send_request:55]   [ERROR]  [2022-07-14 14:34:39,767]   [unkown error]

[D:\zhubin\auto_framwork\zed\TestCase\MessageNotice\test_messageNotice.py:test_msg:53]   [ERROR]  [2022-07-14 14:34:39,768]   [token已过期，请重新获取！！！]

[D:\zhubin\auto_framwork\zed\Common\Request.py:send_request:55]   [ERROR]  [2022-07-14 14:34:39,817]   [unkown error]

[D:\zhubin\auto_framwork\zed\TestCase\MessageNotice\test_messageNotice.py:test_msg:53]   [ERROR]  [2022-07-14 14:34:39,817]   [token已过期，请重新获取！！！]

[D:\zhubin\auto_framwork\zed\Common\Request.py:send_request:55]   [ERROR]  [2022-07-14 14:34:39,868]   [unkown error]

[D:\zhubin\auto_framwork\zed\TestCase\MessageNotice\test_messageNotice.py:test_msg:53]   [ERROR]  [2022-07-14 14:34:39,868]   [token已过期，请重新获取！！！]

[D:\zhubin\auto_framwork\zed\Common\Request.py:send_request:55]   [ERROR]  [2022-07-14 14:34:40,457]   [unkown error]

[D:\zhubin\auto_framwork\zed\TestCase\MessageNotice\test_queryMsg.py:test_msg:40]   [ERROR]  [2022-07-14 14:34:40,457]   [token已过期，请重新获取！！！]

[D:\zhubin\auto_framwork\zed\Common\Request.py:send_request:55]   [ERROR]  [2022-07-14 14:34:40,522]   [unkown error]

[D:\zhubin\auto_framwork\zed\TestCase\MessageNotice\test_queryMsg.py:test_msg:40]   [ERROR]  [2022-07-14 14:34:40,523]   [token已过期，请重新获取！！！]

[D:\zhubin\auto_framwork\zed\Common\Request.py:send_request:55]   [ERROR]  [2022-07-14 14:34:40,573]   [unkown error]

[D:\zhubin\auto_framwork\zed\TestCase\MessageNotice\test_queryMsg.py:test_msg:40]   [ERROR]  [2022-07-14 14:34:40,573]   [token已过期，请重新获取！！！]

[D:\zhubin\auto_framwork\zed\Common\Request.py:send_request:55]   [ERROR]  [2022-07-14 14:34:40,624]   [unkown error]

[D:\zhubin\auto_framwork\zed\TestCase\MessageNotice\test_queryMsg.py:test_msg:40]   [ERROR]  [2022-07-14 14:34:40,624]   [token已过期，请重新获取！！！]

[D:\zhubin\auto_framwork\zed\Common\Request.py:send_request:55]   [ERROR]  [2022-07-14 14:34:40,688]   [unkown error]

[D:\zhubin\auto_framwork\zed\TestCase\MessageNotice\test_queryMsg.py:test_msg:40]   [ERROR]  [2022-07-14 14:34:40,688]   [token已过期，请重新获取！！！]

[D:\zhubin\auto_framwork\zed\Common\Request.py:send_request:55]   [ERROR]  [2022-07-14 14:34:40,738]   [unkown error]

[D:\zhubin\auto_framwork\zed\TestCase\MessageNotice\test_queryMsg.py:test_msg:40]   [ERROR]  [2022-07-14 14:34:40,739]   [token已过期，请重新获取！！！]

[D:\zhubin\auto_framwork\zed\Common\Request.py:send_request:55]   [ERROR]  [2022-07-14 14:34:40,789]   [unkown error]

[D:\zhubin\auto_framwork\zed\TestCase\MessageNotice\test_queryMsg.py:test_msg:40]   [ERROR]  [2022-07-14 14:34:40,789]   [token已过期，请重新获取！！！]

[D:\zhubin\auto_framwork\zed\Common\Request.py:send_request:55]   [ERROR]  [2022-07-14 14:34:40,840]   [unkown error]

[D:\zhubin\auto_framwork\zed\TestCase\MessageNotice\test_queryMsg.py:test_msg:40]   [ERROR]  [2022-07-14 14:34:40,840]   [token已过期，请重新获取！！！]

[D:\zhubin\auto_framwork\zed\Common\Request.py:send_request:55]   [ERROR]  [2022-07-14 14:34:40,893]   [unkown error]

[D:\zhubin\auto_framwork\zed\Common\Assert.py:assert_in:53]   [ERROR]  [2022-07-14 14:34:40,893]   [预期结果类型：<class 'dict'>或实际结果类型：<class 'tuple'>格式有错误，请排查！]

[D:\zhubin\auto_framwork\zed\Common\Request.py:send_request:55]   [ERROR]  [2022-07-14 14:34:40,953]   [unkown error]

[D:\zhubin\auto_framwork\zed\Common\Assert.py:assert_in:49]   [ERROR]  [2022-07-14 14:34:40,953]   [用例：【查询任务列表】 实际结果: {'errCode': '0', 'errMsg': '用户未登录', 'success': False}不包含或部分包含预期结果：{'success': True}，用例不通过，请检查不匹配项!]

[D:\zhubin\auto_framwork\zed\Common\Request.py:send_request:55]   [ERROR]  [2022-07-14 15:01:30,089]   [unkown error]

[D:\zhubin\auto_framwork\zed\TestCase\Attendance\test_attendance.py:test_attendance:31]   [ERROR]  [2022-07-14 15:01:30,090]   [token已过期，请重新获取！！！]

[D:\zhubin\auto_framwork\zed\Common\Request.py:send_request:55]   [ERROR]  [2022-07-14 15:01:30,123]   [unkown error]

[D:\zhubin\auto_framwork\zed\TestCase\Attendance\test_attendance.py:test_query_department:49]   [ERROR]  [2022-07-14 15:01:30,123]   [token已过期，请重新获取！！！]

[D:\zhubin\auto_framwork\zed\Common\Request.py:send_request:55]   [ERROR]  [2022-07-14 15:01:30,157]   [unkown error]

[D:\zhubin\auto_framwork\zed\TestCase\Attendance\test_attendance.py:test_query_name:68]   [ERROR]  [2022-07-14 15:01:30,157]   [token已过期，请重新获取！！！]

[D:\zhubin\auto_framwork\zed\Common\Request.py:send_request:55]   [ERROR]  [2022-07-14 15:01:30,190]   [unkown error]

[D:\zhubin\auto_framwork\zed\TestCase\Attendance\test_attendance.py:test_query_position:87]   [ERROR]  [2022-07-14 15:01:30,190]   [token已过期，请重新获取！！！]

[D:\zhubin\auto_framwork\zed\Common\Request.py:send_request:55]   [ERROR]  [2022-07-14 15:01:30,264]   [unkown error]

[D:\zhubin\auto_framwork\zed\Common\Assert.py:assert_in:47]   [INFO]  [2022-07-14 15:01:30,265]   [用例:[上传照片] 执行成功!!!***实际结果: {'errCode': '1', 'errMsg': '响应成功', 'data': [{'fileId': '4028894081f61a280181fb83e346000c', 'fileName': 'ZED001.jpeg', 'filePath': 'http://192.168.9.192:9998/20220714/4028894081f61a280181fb83e346000c.jpeg', 'fileType': 'jpeg', 'createTime': '2022-07-14T07:02:13.573+0000', 'salesCenterId': None, 'fileSize': 15774}], 'success': True}包含预期结果: {'success': True}
]

[D:\zhubin\auto_framwork\zed\Common\Request.py:send_request:55]   [ERROR]  [2022-07-14 15:01:30,338]   [unkown error]

[D:\zhubin\auto_framwork\zed\Common\Assert.py:assert_in:47]   [INFO]  [2022-07-14 15:01:30,338]   [用例:[上传错误格式照片（满足要求照片格式：JPG\PNG）] 执行成功!!!***实际结果: {'errCode': '1', 'errMsg': '响应成功', 'data': [{'fileId': '4028894081f61a280181fb83e393000d', 'fileName': 'ZED001.jpeg', 'filePath': 'http://192.168.9.192:9998/20220714/4028894081f61a280181fb83e393000d.jpeg', 'fileType': 'jpeg', 'createTime': '2022-07-14T07:02:13.651+0000', 'salesCenterId': None, 'fileSize': 15774}], 'success': True}包含预期结果: {'success': True}
]

[D:\zhubin\auto_framwork\zed\Common\Request.py:send_request:55]   [ERROR]  [2022-07-14 15:01:30,375]   [unkown error]

[D:\zhubin\auto_framwork\zed\TestCase\MessageNotice\test_messageNotice.py:test_msg:53]   [ERROR]  [2022-07-14 15:01:30,375]   [token已过期，请重新获取！！！]

[D:\zhubin\auto_framwork\zed\Common\Request.py:send_request:55]   [ERROR]  [2022-07-14 15:01:30,408]   [unkown error]

[D:\zhubin\auto_framwork\zed\TestCase\MessageNotice\test_messageNotice.py:test_msg:53]   [ERROR]  [2022-07-14 15:01:30,408]   [token已过期，请重新获取！！！]

[D:\zhubin\auto_framwork\zed\Common\Request.py:send_request:55]   [ERROR]  [2022-07-14 15:01:30,441]   [unkown error]

[D:\zhubin\auto_framwork\zed\TestCase\MessageNotice\test_messageNotice.py:test_msg:53]   [ERROR]  [2022-07-14 15:01:30,441]   [token已过期，请重新获取！！！]

[D:\zhubin\auto_framwork\zed\Common\Request.py:send_request:55]   [ERROR]  [2022-07-14 15:01:30,477]   [unkown error]

[D:\zhubin\auto_framwork\zed\TestCase\MessageNotice\test_messageNotice.py:test_msg:53]   [ERROR]  [2022-07-14 15:01:30,478]   [token已过期，请重新获取！！！]

[D:\zhubin\auto_framwork\zed\Common\Request.py:send_request:55]   [ERROR]  [2022-07-14 15:01:30,514]   [unkown error]

[D:\zhubin\auto_framwork\zed\TestCase\MessageNotice\test_messageNotice.py:test_msg:53]   [ERROR]  [2022-07-14 15:01:30,515]   [token已过期，请重新获取！！！]

[D:\zhubin\auto_framwork\zed\Common\Request.py:send_request:55]   [ERROR]  [2022-07-14 15:01:30,549]   [unkown error]

[D:\zhubin\auto_framwork\zed\TestCase\MessageNotice\test_messageNotice.py:test_msg:53]   [ERROR]  [2022-07-14 15:01:30,549]   [token已过期，请重新获取！！！]

[D:\zhubin\auto_framwork\zed\Common\Request.py:send_request:55]   [ERROR]  [2022-07-14 15:01:30,582]   [unkown error]

[D:\zhubin\auto_framwork\zed\TestCase\MessageNotice\test_messageNotice.py:test_msg:53]   [ERROR]  [2022-07-14 15:01:30,582]   [token已过期，请重新获取！！！]

[D:\zhubin\auto_framwork\zed\Common\Request.py:send_request:55]   [ERROR]  [2022-07-14 15:01:30,615]   [unkown error]

[D:\zhubin\auto_framwork\zed\TestCase\MessageNotice\test_messageNotice.py:test_msg:53]   [ERROR]  [2022-07-14 15:01:30,616]   [token已过期，请重新获取！！！]

[D:\zhubin\auto_framwork\zed\Common\Request.py:send_request:55]   [ERROR]  [2022-07-14 15:01:31,115]   [unkown error]

[D:\zhubin\auto_framwork\zed\TestCase\MessageNotice\test_queryMsg.py:test_msg:40]   [ERROR]  [2022-07-14 15:01:31,117]   [token已过期，请重新获取！！！]

[D:\zhubin\auto_framwork\zed\Common\Request.py:send_request:55]   [ERROR]  [2022-07-14 15:01:31,160]   [unkown error]

[D:\zhubin\auto_framwork\zed\TestCase\MessageNotice\test_queryMsg.py:test_msg:40]   [ERROR]  [2022-07-14 15:01:31,161]   [token已过期，请重新获取！！！]

[D:\zhubin\auto_framwork\zed\Common\Request.py:send_request:55]   [ERROR]  [2022-07-14 15:01:31,206]   [unkown error]

[D:\zhubin\auto_framwork\zed\TestCase\MessageNotice\test_queryMsg.py:test_msg:40]   [ERROR]  [2022-07-14 15:01:31,206]   [token已过期，请重新获取！！！]

[D:\zhubin\auto_framwork\zed\Common\Request.py:send_request:55]   [ERROR]  [2022-07-14 15:01:31,241]   [unkown error]

[D:\zhubin\auto_framwork\zed\TestCase\MessageNotice\test_queryMsg.py:test_msg:40]   [ERROR]  [2022-07-14 15:01:31,241]   [token已过期，请重新获取！！！]

[D:\zhubin\auto_framwork\zed\Common\Request.py:send_request:55]   [ERROR]  [2022-07-14 15:01:31,276]   [unkown error]

[D:\zhubin\auto_framwork\zed\TestCase\MessageNotice\test_queryMsg.py:test_msg:40]   [ERROR]  [2022-07-14 15:01:31,277]   [token已过期，请重新获取！！！]

[D:\zhubin\auto_framwork\zed\Common\Request.py:send_request:55]   [ERROR]  [2022-07-14 15:01:31,315]   [unkown error]

[D:\zhubin\auto_framwork\zed\TestCase\MessageNotice\test_queryMsg.py:test_msg:40]   [ERROR]  [2022-07-14 15:01:31,316]   [token已过期，请重新获取！！！]

[D:\zhubin\auto_framwork\zed\Common\Request.py:send_request:55]   [ERROR]  [2022-07-14 15:01:31,349]   [unkown error]

[D:\zhubin\auto_framwork\zed\TestCase\MessageNotice\test_queryMsg.py:test_msg:40]   [ERROR]  [2022-07-14 15:01:31,350]   [token已过期，请重新获取！！！]

[D:\zhubin\auto_framwork\zed\Common\Request.py:send_request:55]   [ERROR]  [2022-07-14 15:01:31,384]   [unkown error]

[D:\zhubin\auto_framwork\zed\TestCase\MessageNotice\test_queryMsg.py:test_msg:40]   [ERROR]  [2022-07-14 15:01:31,385]   [token已过期，请重新获取！！！]

[D:\zhubin\auto_framwork\zed\Common\Request.py:send_request:55]   [ERROR]  [2022-07-14 15:01:31,422]   [unkown error]

[D:\zhubin\auto_framwork\zed\Common\Assert.py:assert_in:53]   [ERROR]  [2022-07-14 15:01:31,423]   [预期结果类型：<class 'dict'>或实际结果类型：<class 'tuple'>格式有错误，请排查！]

[D:\zhubin\auto_framwork\zed\Common\Request.py:send_request:55]   [ERROR]  [2022-07-14 15:01:31,461]   [unkown error]

[D:\zhubin\auto_framwork\zed\Common\Assert.py:assert_in:49]   [ERROR]  [2022-07-14 15:01:31,462]   [用例：【查询任务列表】 实际结果: {'errCode': '0', 'errMsg': '用户未登录', 'success': False}不包含或部分包含预期结果：{'success': True}，用例不通过，请检查不匹配项!]

[D:\zhubin\auto_framwork\zed\Common\Request.py:send_request:55]   [ERROR]  [2022-07-14 15:06:31,235]   [unkown error]

[D:\zhubin\auto_framwork\zed\TestCase\MessageNotice\test_queryMsg.py:test_msg:40]   [ERROR]  [2022-07-14 15:06:31,236]   [token已过期，请重新获取！！！]

[D:\zhubin\auto_framwork\zed\Common\Request.py:send_request:55]   [ERROR]  [2022-07-14 15:06:31,269]   [unkown error]

[D:\zhubin\auto_framwork\zed\TestCase\MessageNotice\test_queryMsg.py:test_msg:40]   [ERROR]  [2022-07-14 15:06:31,269]   [token已过期，请重新获取！！！]

[D:\zhubin\auto_framwork\zed\Common\Request.py:send_request:55]   [ERROR]  [2022-07-14 15:06:31,306]   [unkown error]

[D:\zhubin\auto_framwork\zed\TestCase\MessageNotice\test_queryMsg.py:test_msg:40]   [ERROR]  [2022-07-14 15:06:31,307]   [token已过期，请重新获取！！！]

[D:\zhubin\auto_framwork\zed\Common\Request.py:send_request:55]   [ERROR]  [2022-07-14 15:06:31,342]   [unkown error]

[D:\zhubin\auto_framwork\zed\TestCase\MessageNotice\test_queryMsg.py:test_msg:40]   [ERROR]  [2022-07-14 15:06:31,342]   [token已过期，请重新获取！！！]

[D:\zhubin\auto_framwork\zed\Common\Request.py:send_request:55]   [ERROR]  [2022-07-14 15:06:31,376]   [unkown error]

[D:\zhubin\auto_framwork\zed\TestCase\MessageNotice\test_queryMsg.py:test_msg:40]   [ERROR]  [2022-07-14 15:06:31,376]   [token已过期，请重新获取！！！]

[D:\zhubin\auto_framwork\zed\Common\Request.py:send_request:55]   [ERROR]  [2022-07-14 15:06:31,410]   [unkown error]

[D:\zhubin\auto_framwork\zed\TestCase\MessageNotice\test_queryMsg.py:test_msg:40]   [ERROR]  [2022-07-14 15:06:31,410]   [token已过期，请重新获取！！！]

[D:\zhubin\auto_framwork\zed\Common\Request.py:send_request:55]   [ERROR]  [2022-07-14 15:06:31,444]   [unkown error]

[D:\zhubin\auto_framwork\zed\TestCase\MessageNotice\test_queryMsg.py:test_msg:40]   [ERROR]  [2022-07-14 15:06:31,445]   [token已过期，请重新获取！！！]

[D:\zhubin\auto_framwork\zed\Common\Request.py:send_request:55]   [ERROR]  [2022-07-14 15:06:31,480]   [unkown error]

[D:\zhubin\auto_framwork\zed\TestCase\MessageNotice\test_queryMsg.py:test_msg:40]   [ERROR]  [2022-07-14 15:06:31,481]   [token已过期，请重新获取！！！]

[D:\zhubin\auto_framwork\zed\Common\Request.py:send_request:55]   [ERROR]  [2022-07-14 15:58:08,785]   [unkown error]

[D:\zhubin\auto_framwork\zed\Common\Request.py:send_request:55]   [ERROR]  [2022-07-14 16:03:54,335]   [unkown error]

[D:\zhubin\auto_framwork\zed\Common\Assert.py:assert_in:47]   [INFO]  [2022-07-14 16:11:35,583]   [用例:[新增消息] 执行成功!!!***实际结果: {'errCode': '1', 'errMsg': '响应成功', 'data': None, 'success': True}包含预期结果: {'success': True}
]

[D:\zhubin\auto_framwork\zed\Common\Assert.py:assert_in:47]   [INFO]  [2022-07-14 16:11:35,688]   [用例:[查询指定的标题消息] 执行成功!!!***实际结果: {'errCode': '1', 'errMsg': '响应成功', 'data': {'pageSize': 20, 'totalCount': 0, 'toolbarLen': 10, 'currentPage': 1, 'totalPageCount': 1, 'listHbSql': None, 'resultList': [], 'totalCountHbSQL': None, 'totalResultList': None, 'entityClass': None, 'param': None, 'pageMenuBar': ['1']}, 'success': True}包含预期结果: {'success': True}
]

[D:\zhubin\auto_framwork\zed\Common\Assert.py:assert_in:47]   [INFO]  [2022-07-14 16:11:35,747]   [用例:[按发布人查询消息] 执行成功!!!***实际结果: {'errCode': '1', 'errMsg': '响应成功', 'data': {'pageSize': 20, 'totalCount': 42, 'toolbarLen': 10, 'currentPage': 1, 'totalPageCount': 3, 'listHbSql': None, 'resultList': [{'readStatus': 0, 'imgId': None, 'updateTime': None, 'title': 'autotest_2022714161135', 'type': 1, 'readCount': 1, 'content': '自动化测试', 'createTime': '2022-07-14T08:12:19.000+0000', 'publisherName': 'admin', 'receiverCount': 1, 'publisher': 'f827bf18edd743129b78273840a01b2f', 'id': 107, 'imgNum': 0}, {'readStatus': 0, 'imgId': None, 'updateTime': None, 'title': 'autotest_2022624145015', 'type': 1, 'readCount': 1, 'content': '自动化测试', 'createTime': '2022-06-24T06:50:44.000+0000', 'publisherName': 'admin', 'receiverCount': 1, 'publisher': 'f827bf18edd743129b78273840a01b2f', 'id': 106, 'imgNum': 0}, {'readStatus': 0, 'imgId': None, 'updateTime': None, 'title': 'ewe', 'type': 1, 'readCount': 1, 'content': 'wewe', 'createTime': '2022-06-23T08:13:48.000+0000', 'publisherName': 'admin', 'receiverCount': 1, 'publisher': 'f827bf18edd743129b78273840a01b2f', 'id': 80, 'imgNum': 0}, {'readStatus': 0, 'imgId': '402887408142153401818a667ab00026', 'updateTime': None, 'title': 'addad', 'type': 1, 'readCount': 1, 'content': 'adada', 'createTime': '2022-06-22T07:54:47.000+0000', 'publisherName': 'admin', 'receiverCount': 1, 'publisher': 'f827bf18edd743129b78273840a01b2f', 'id': 61, 'imgNum': 1}, {'readStatus': 1, 'imgId': None, 'updateTime': None, 'title': 'admin测试', 'type': 1, 'readCount': 2, 'content': '测试测试', 'createTime': '2022-05-16T02:13:32.000+0000', 'publisherName': 'admin', 'receiverCount': 2, 'publisher': 'f827bf18edd743129b78273840a01b2f', 'id': 50, 'imgNum': 0}, {'readStatus': 1, 'imgId': None, 'updateTime': None, 'title': '鹤骨鸡肤', 'type': 1, 'readCount': 3, 'content': '客家话', 'createTime': '2022-05-12T06:47:47.000+0000', 'publisherName': 'admin', 'receiverCount': 3, 'publisher': 'f827bf18edd743129b78273840a01b2f', 'id': 47, 'imgNum': 0}, {'readStatus': 0, 'imgId': '4028874080b6b45c0180b6e35541000a', 'updateTime': None, 'title': '大大', 'type': 1, 'readCount': 2, 'content': '大额二维任然', 'createTime': '2022-05-12T06:10:07.000+0000', 'publisherName': 'admin', 'receiverCount': 3, 'publisher': 'f827bf18edd743129b78273840a01b2f', 'id': 46, 'imgNum': 1}, {'readStatus': 1, 'imgId': '40288740807477790180922ae997000b,40288740807477790180922aebcc000c', 'updateTime': None, 'title': 'dd ', 'type': 1, 'readCount': 1, 'content': 'dada', 'createTime': '2022-05-05T03:02:16.000+0000', 'publisherName': 'admin', 'receiverCount': 1, 'publisher': 'f827bf18edd743129b78273840a01b2f', 'id': 45, 'imgNum': 2}, {'readStatus': 1, 'imgId': '40288740807311e001807323ea6f0003,40288740807311e001807323ec340004', 'updateTime': None, 'title': '2图片', 'type': 1, 'readCount': 1, 'content': '多打点', 'createTime': '2022-04-29T02:26:26.000+0000', 'publisherName': 'admin', 'receiverCount': 1, 'publisher': 'f827bf18edd743129b78273840a01b2f', 'id': 44, 'imgNum': 2}, {'readStatus': 1, 'imgId': None, 'updateTime': None, 'title': '哈哈哈', 'type': 1, 'readCount': 1, 'content': '哈哈哈', 'createTime': '2022-04-28T10:04:43.000+0000', 'publisherName': 'admin', 'receiverCount': 1, 'publisher': 'f827bf18edd743129b78273840a01b2f', 'id': 43, 'imgNum': 0}, {'readStatus': 1, 'imgId': None, 'updateTime': None, 'title': '阿萨德发放', 'type': 1, 'readCount': 1, 'content': ' 阿萨德发放', 'createTime': '2022-04-28T10:04:15.000+0000', 'publisherName': 'admin', 'receiverCount': 1, 'publisher': 'f827bf18edd743129b78273840a01b2f', 'id': 42, 'imgNum': 0}, {'readStatus': 1, 'imgId': None, 'updateTime': None, 'title': '第三方', 'type': 1, 'readCount': 1, 'content': '士大夫', 'createTime': '2022-04-28T10:03:26.000+0000', 'publisherName': 'admin', 'receiverCount': 1, 'publisher': 'f827bf18edd743129b78273840a01b2f', 'id': 41, 'imgNum': 0}, {'readStatus': 1, 'imgId': None, 'updateTime': None, 'title': '法第三方第三方', 'type': 1, 'readCount': 1, 'content': ' 阿斯顿发阿发', 'createTime': '2022-04-28T10:03:08.000+0000', 'publisherName': 'admin', 'receiverCount': 1, 'publisher': 'f827bf18edd743129b78273840a01b2f', 'id': 40, 'imgNum': 0}, {'readStatus': 1, 'imgId': None, 'updateTime': None, 'title': '阿的说法士大夫撒发', 'type': 1, 'readCount': 1, 'content': ' 第三方阿斯顿发', 'createTime': '2022-04-28T10:02:00.000+0000', 'publisherName': 'admin', 'receiverCount': 1, 'publisher': 'f827bf18edd743129b78273840a01b2f', 'id': 39, 'imgNum': 0}, {'readStatus': 1, 'imgId': None, 'updateTime': None, 'title': '大', 'type': 1, 'readCount': 1, 'content': ' 发生的', 'createTime': '2022-04-28T10:01:30.000+0000', 'publisherName': 'admin', 'receiverCount': 1, 'publisher': 'f827bf18edd743129b78273840a01b2f', 'id': 38, 'imgNum': 0}, {'readStatus': 1, 'imgId': '40288740806f853101806f8cbf530002', 'updateTime': None, 'title': '再来一次', 'type': 1, 'readCount': 1, 'content': '再来一次', 'createTime': '2022-04-28T09:42:33.000+0000', 'publisherName': 'admin', 'receiverCount': 1, 'publisher': 'f827bf18edd743129b78273840a01b2f', 'id': 37, 'imgNum': 1}, {'readStatus': 1, 'imgId': '40288740806ef81001806f6e71e4000e', 'updateTime': None, 'title': '最后一条', 'type': 1, 'readCount': 1, 'content': '最后一条', 'createTime': '2022-04-28T09:09:19.000+0000', 'publisherName': 'admin', 'receiverCount': 1, 'publisher': 'f827bf18edd743129b78273840a01b2f', 'id': 36, 'imgNum': 1}, {'readStatus': 1, 'imgId': None, 'updateTime': None, 'title': 'gadd ', 'type': 1, 'readCount': 1, 'content': 'asdgaf', 'createTime': '2022-04-28T09:07:20.000+0000', 'publisherName': 'admin', 'receiverCount': 1, 'publisher': 'f827bf18edd743129b78273840a01b2f', 'id': 35, 'imgNum': 0}, {'readStatus': 1, 'imgId': None, 'updateTime': None, 'title': '刚刚', 'type': 1, 'readCount': 1, 'content': ' 发的个', 'createTime': '2022-04-28T07:11:49.000+0000', 'publisherName': 'admin', 'receiverCount': 1, 'publisher': 'f827bf18edd743129b78273840a01b2f', 'id': 34, 'imgNum': 0}, {'readStatus': 1, 'imgId': None, 'updateTime': None, 'title': '灌灌灌灌', 'type': 1, 'readCount': 1, 'content': '灌灌灌灌', 'createTime': '2022-04-28T07:08:27.000+0000', 'publisherName': 'admin', 'receiverCount': 1, 'publisher': 'f827bf18edd743129b78273840a01b2f', 'id': 33, 'imgNum': 0}], 'totalCountHbSQL': None, 'totalResultList': None, 'entityClass': None, 'param': None, 'pageMenuBar': ['1', '2', '3']}, 'success': True}包含预期结果: {'success': True}
]

[D:\zhubin\auto_framwork\zed\Common\Assert.py:assert_in:47]   [INFO]  [2022-07-14 16:11:35,809]   [用例:[消息包含图片] 执行成功!!!***实际结果: {'errCode': '1', 'errMsg': '响应成功', 'data': {'pageSize': 20, 'totalCount': 13, 'toolbarLen': 10, 'currentPage': 1, 'totalPageCount': 1, 'listHbSql': None, 'resultList': [{'readStatus': 0, 'imgId': '402887408142153401818a667ab00026', 'updateTime': None, 'title': 'addad', 'type': 1, 'readCount': 1, 'content': 'adada', 'createTime': '2022-06-22T07:54:47.000+0000', 'publisherName': 'admin', 'receiverCount': 1, 'publisher': 'f827bf18edd743129b78273840a01b2f', 'id': 61, 'imgNum': 1}, {'readStatus': 0, 'imgId': '4028874080b6b45c0180b6e35541000a', 'updateTime': None, 'title': '大大', 'type': 1, 'readCount': 2, 'content': '大额二维任然', 'createTime': '2022-05-12T06:10:07.000+0000', 'publisherName': 'admin', 'receiverCount': 3, 'publisher': 'f827bf18edd743129b78273840a01b2f', 'id': 46, 'imgNum': 1}, {'readStatus': 1, 'imgId': '40288740807477790180922ae997000b,40288740807477790180922aebcc000c', 'updateTime': None, 'title': 'dd ', 'type': 1, 'readCount': 1, 'content': 'dada', 'createTime': '2022-05-05T03:02:16.000+0000', 'publisherName': 'admin', 'receiverCount': 1, 'publisher': 'f827bf18edd743129b78273840a01b2f', 'id': 45, 'imgNum': 2}, {'readStatus': 1, 'imgId': '40288740807311e001807323ea6f0003,40288740807311e001807323ec340004', 'updateTime': None, 'title': '2图片', 'type': 1, 'readCount': 1, 'content': '多打点', 'createTime': '2022-04-29T02:26:26.000+0000', 'publisherName': 'admin', 'receiverCount': 1, 'publisher': 'f827bf18edd743129b78273840a01b2f', 'id': 44, 'imgNum': 2}, {'readStatus': 1, 'imgId': '40288740806f853101806f8cbf530002', 'updateTime': None, 'title': '再来一次', 'type': 1, 'readCount': 1, 'content': '再来一次', 'createTime': '2022-04-28T09:42:33.000+0000', 'publisherName': 'admin', 'receiverCount': 1, 'publisher': 'f827bf18edd743129b78273840a01b2f', 'id': 37, 'imgNum': 1}, {'readStatus': 1, 'imgId': '40288740806ef81001806f6e71e4000e', 'updateTime': None, 'title': '最后一条', 'type': 1, 'readCount': 1, 'content': '最后一条', 'createTime': '2022-04-28T09:09:19.000+0000', 'publisherName': 'admin', 'receiverCount': 1, 'publisher': 'f827bf18edd743129b78273840a01b2f', 'id': 36, 'imgNum': 1}, {'readStatus': 1, 'imgId': '', 'updateTime': None, 'title': '测试112', 'type': 1, 'readCount': 1, 'content': '1212', 'createTime': '2022-04-28T05:47:44.000+0000', 'publisherName': 'admin', 'receiverCount': 1, 'publisher': 'f827bf18edd743129b78273840a01b2f', 'id': 26, 'imgNum': 1}, {'readStatus': 1, 'imgId': '40288740806a1dfc01806e162ca0000b,40288740806a1dfc01806e162f23000c', 'updateTime': None, 'title': '两张图片', 'type': 1, 'readCount': 11, 'content': '单独', 'createTime': '2022-04-28T02:53:17.000+0000', 'publisherName': 'admin', 'receiverCount': 1, 'publisher': 'f827bf18edd743129b78273840a01b2f', 'id': 23, 'imgNum': 2}, {'readStatus': 1, 'imgId': '', 'updateTime': None, 'title': '无图片', 'type': 1, 'readCount': 1, 'content': '的', 'createTime': '2022-04-28T02:33:41.000+0000', 'publisherName': 'admin', 'receiverCount': 1, 'publisher': 'f827bf18edd743129b78273840a01b2f', 'id': 22, 'imgNum': 1}, {'readStatus': 1, 'imgId': '40288740806a1dfc01806e02f570000a', 'updateTime': None, 'title': '图片', 'type': 1, 'readCount': 2, 'content': '的', 'createTime': '2022-04-28T02:32:18.000+0000', 'publisherName': 'admin', 'receiverCount': 1, 'publisher': 'f827bf18edd743129b78273840a01b2f', 'id': 21, 'imgNum': 1}, {'readStatus': 1, 'imgId': '4028874080638038018068953806000d,40288740806380380180689561dc000e,4028874080638038018068958c17000f,402887408063803801806895b7160010,402887408063803801806895dddd0011,40288740806380380180689603340012,40288740806380380180689635510013,40288740806380380180689638100014,4028874080638038018068965e110015,402887408063803801806896603a0016', 'updateTime': None, 'title': '10图片', 'type': 1, 'readCount': 1, 'content': '单独', 'createTime': '2022-04-27T01:15:50.000+0000', 'publisherName': 'admin', 'receiverCount': 1, 'publisher': 'f827bf18edd743129b78273840a01b2f', 'id': 15, 'imgNum': 10}, {'readStatus': 1, 'imgId': '4028874080638038018064ad48e80008,4028874080638038018064b1610e0009,4028874080638038018064b162a9000a', 'updateTime': None, 'title': '多图片测试', 'type': 1, 'readCount': 2, 'content': '单独', 'createTime': '2022-04-26T07:06:51.000+0000', 'publisherName': 'admin', 'receiverCount': 2, 'publisher': 'f827bf18edd743129b78273840a01b2f', 'id': 12, 'imgNum': 3}, {'readStatus': 1, 'imgId': '40288740806380380180648d34270005', 'updateTime': None, 'title': '图片通知', 'type': 1, 'readCount': 6, 'content': '测试', 'createTime': '2022-04-26T06:34:16.000+0000', 'publisherName': 'admin', 'receiverCount': 2, 'publisher': 'f827bf18edd743129b78273840a01b2f', 'id': 10, 'imgNum': 1}], 'totalCountHbSQL': None, 'totalResultList': None, 'entityClass': None, 'param': None, 'pageMenuBar': ['1']}, 'success': True}包含预期结果: {'success': True}
]

[D:\zhubin\auto_framwork\zed\Common\Assert.py:assert_in:47]   [INFO]  [2022-07-14 16:11:35,870]   [用例:[消息不含图片] 执行成功!!!***实际结果: {'errCode': '1', 'errMsg': '响应成功', 'data': {'pageSize': 20, 'totalCount': 29, 'toolbarLen': 10, 'currentPage': 1, 'totalPageCount': 2, 'listHbSql': None, 'resultList': [{'readStatus': 0, 'imgId': None, 'updateTime': None, 'title': 'autotest_2022714161135', 'type': 1, 'readCount': 1, 'content': '自动化测试', 'createTime': '2022-07-14T08:12:19.000+0000', 'publisherName': 'admin', 'receiverCount': 1, 'publisher': 'f827bf18edd743129b78273840a01b2f', 'id': 107, 'imgNum': 0}, {'readStatus': 0, 'imgId': None, 'updateTime': None, 'title': 'autotest_2022624145015', 'type': 1, 'readCount': 1, 'content': '自动化测试', 'createTime': '2022-06-24T06:50:44.000+0000', 'publisherName': 'admin', 'receiverCount': 1, 'publisher': 'f827bf18edd743129b78273840a01b2f', 'id': 106, 'imgNum': 0}, {'readStatus': 0, 'imgId': None, 'updateTime': None, 'title': 'ewe', 'type': 1, 'readCount': 1, 'content': 'wewe', 'createTime': '2022-06-23T08:13:48.000+0000', 'publisherName': 'admin', 'receiverCount': 1, 'publisher': 'f827bf18edd743129b78273840a01b2f', 'id': 80, 'imgNum': 0}, {'readStatus': 1, 'imgId': None, 'updateTime': None, 'title': 'admin测试', 'type': 1, 'readCount': 2, 'content': '测试测试', 'createTime': '2022-05-16T02:13:32.000+0000', 'publisherName': 'admin', 'receiverCount': 2, 'publisher': 'f827bf18edd743129b78273840a01b2f', 'id': 50, 'imgNum': 0}, {'readStatus': 1, 'imgId': None, 'updateTime': None, 'title': '鹤骨鸡肤', 'type': 1, 'readCount': 3, 'content': '客家话', 'createTime': '2022-05-12T06:47:47.000+0000', 'publisherName': 'admin', 'receiverCount': 3, 'publisher': 'f827bf18edd743129b78273840a01b2f', 'id': 47, 'imgNum': 0}, {'readStatus': 1, 'imgId': None, 'updateTime': None, 'title': '哈哈哈', 'type': 1, 'readCount': 1, 'content': '哈哈哈', 'createTime': '2022-04-28T10:04:43.000+0000', 'publisherName': 'admin', 'receiverCount': 1, 'publisher': 'f827bf18edd743129b78273840a01b2f', 'id': 43, 'imgNum': 0}, {'readStatus': 1, 'imgId': None, 'updateTime': None, 'title': '阿萨德发放', 'type': 1, 'readCount': 1, 'content': ' 阿萨德发放', 'createTime': '2022-04-28T10:04:15.000+0000', 'publisherName': 'admin', 'receiverCount': 1, 'publisher': 'f827bf18edd743129b78273840a01b2f', 'id': 42, 'imgNum': 0}, {'readStatus': 1, 'imgId': None, 'updateTime': None, 'title': '第三方', 'type': 1, 'readCount': 1, 'content': '士大夫', 'createTime': '2022-04-28T10:03:26.000+0000', 'publisherName': 'admin', 'receiverCount': 1, 'publisher': 'f827bf18edd743129b78273840a01b2f', 'id': 41, 'imgNum': 0}, {'readStatus': 1, 'imgId': None, 'updateTime': None, 'title': '法第三方第三方', 'type': 1, 'readCount': 1, 'content': ' 阿斯顿发阿发', 'createTime': '2022-04-28T10:03:08.000+0000', 'publisherName': 'admin', 'receiverCount': 1, 'publisher': 'f827bf18edd743129b78273840a01b2f', 'id': 40, 'imgNum': 0}, {'readStatus': 1, 'imgId': None, 'updateTime': None, 'title': '阿的说法士大夫撒发', 'type': 1, 'readCount': 1, 'content': ' 第三方阿斯顿发', 'createTime': '2022-04-28T10:02:00.000+0000', 'publisherName': 'admin', 'receiverCount': 1, 'publisher': 'f827bf18edd743129b78273840a01b2f', 'id': 39, 'imgNum': 0}, {'readStatus': 1, 'imgId': None, 'updateTime': None, 'title': '大', 'type': 1, 'readCount': 1, 'content': ' 发生的', 'createTime': '2022-04-28T10:01:30.000+0000', 'publisherName': 'admin', 'receiverCount': 1, 'publisher': 'f827bf18edd743129b78273840a01b2f', 'id': 38, 'imgNum': 0}, {'readStatus': 1, 'imgId': None, 'updateTime': None, 'title': 'gadd ', 'type': 1, 'readCount': 1, 'content': 'asdgaf', 'createTime': '2022-04-28T09:07:20.000+0000', 'publisherName': 'admin', 'receiverCount': 1, 'publisher': 'f827bf18edd743129b78273840a01b2f', 'id': 35, 'imgNum': 0}, {'readStatus': 1, 'imgId': None, 'updateTime': None, 'title': '刚刚', 'type': 1, 'readCount': 1, 'content': ' 发的个', 'createTime': '2022-04-28T07:11:49.000+0000', 'publisherName': 'admin', 'receiverCount': 1, 'publisher': 'f827bf18edd743129b78273840a01b2f', 'id': 34, 'imgNum': 0}, {'readStatus': 1, 'imgId': None, 'updateTime': None, 'title': '灌灌灌灌', 'type': 1, 'readCount': 1, 'content': '灌灌灌灌', 'createTime': '2022-04-28T07:08:27.000+0000', 'publisherName': 'admin', 'receiverCount': 1, 'publisher': 'f827bf18edd743129b78273840a01b2f', 'id': 33, 'imgNum': 0}, {'readStatus': 1, 'imgId': None, 'updateTime': None, 'title': '是打发士大夫121区3厄齐尔无', 'type': 1, 'readCount': 1, 'content': '啥地方', 'createTime': '2022-04-28T07:02:36.000+0000', 'publisherName': 'admin', 'receiverCount': 1, 'publisher': 'f827bf18edd743129b78273840a01b2f', 'id': 32, 'imgNum': 0}, {'readStatus': 1, 'imgId': None, 'updateTime': None, 'title': '是打发士大夫', 'type': 1, 'readCount': 2, 'content': '阿斯顿发阿斯顿发', 'createTime': '2022-04-28T07:00:42.000+0000', 'publisherName': 'admin', 'receiverCount': 1, 'publisher': 'f827bf18edd743129b78273840a01b2f', 'id': 31, 'imgNum': 0}, {'readStatus': 1, 'imgId': None, 'updateTime': None, 'title': '434', 'type': 1, 'readCount': 1, 'content': '434', 'createTime': '2022-04-28T06:35:37.000+0000', 'publisherName': 'admin', 'receiverCount': 1, 'publisher': 'f827bf18edd743129b78273840a01b2f', 'id': 30, 'imgNum': 0}, {'readStatus': 1, 'imgId': None, 'updateTime': None, 'title': '再来一条', 'type': 1, 'readCount': 1, 'content': '啥地方阿斯顿发', 'createTime': '2022-04-28T06:33:09.000+0000', 'publisherName': 'admin', 'receiverCount': 1, 'publisher': 'f827bf18edd743129b78273840a01b2f', 'id': 29, 'imgNum': 0}, {'readStatus': 1, 'imgId': None, 'updateTime': None, 'title': '3434', 'type': 1, 'readCount': 1, 'content': '43434', 'createTime': '2022-04-28T06:31:08.000+0000', 'publisherName': 'admin', 'receiverCount': 1, 'publisher': 'f827bf18edd743129b78273840a01b2f', 'id': 28, 'imgNum': 0}, {'readStatus': 1, 'imgId': None, 'updateTime': None, 'title': 'ces ', 'type': 1, 'readCount': 1, 'content': 'ces ', 'createTime': '2022-04-28T06:29:42.000+0000', 'publisherName': 'admin', 'receiverCount': 1, 'publisher': 'f827bf18edd743129b78273840a01b2f', 'id': 27, 'imgNum': 0}], 'totalCountHbSQL': None, 'totalResultList': None, 'entityClass': None, 'param': None, 'pageMenuBar': ['1', '2']}, 'success': True}包含预期结果: {'success': True}
]

[D:\zhubin\auto_framwork\zed\Common\Assert.py:assert_in:47]   [INFO]  [2022-07-14 16:11:35,930]   [用例:[消息已读] 执行成功!!!***实际结果: {'errCode': '1', 'errMsg': '响应成功', 'data': {'pageSize': 20, 'totalCount': 31, 'toolbarLen': 10, 'currentPage': 1, 'totalPageCount': 2, 'listHbSql': None, 'resultList': [{'readStatus': 0, 'imgId': None, 'updateTime': None, 'title': 'autotest_2022714161135', 'type': 1, 'readCount': 1, 'content': '自动化测试', 'createTime': '2022-07-14T08:12:19.000+0000', 'publisherName': 'admin', 'receiverCount': 1, 'publisher': 'f827bf18edd743129b78273840a01b2f', 'id': 107, 'imgNum': 0}, {'readStatus': 0, 'imgId': None, 'updateTime': None, 'title': 'autotest_2022624145015', 'type': 1, 'readCount': 1, 'content': '自动化测试', 'createTime': '2022-06-24T06:50:44.000+0000', 'publisherName': 'admin', 'receiverCount': 1, 'publisher': 'f827bf18edd743129b78273840a01b2f', 'id': 106, 'imgNum': 0}, {'readStatus': 0, 'imgId': None, 'updateTime': None, 'title': 'ewe', 'type': 1, 'readCount': 1, 'content': 'wewe', 'createTime': '2022-06-23T08:13:48.000+0000', 'publisherName': 'admin', 'receiverCount': 1, 'publisher': 'f827bf18edd743129b78273840a01b2f', 'id': 80, 'imgNum': 0}, {'readStatus': 0, 'imgId': '402887408142153401818a667ab00026', 'updateTime': None, 'title': 'addad', 'type': 1, 'readCount': 1, 'content': 'adada', 'createTime': '2022-06-22T07:54:47.000+0000', 'publisherName': 'admin', 'receiverCount': 1, 'publisher': 'f827bf18edd743129b78273840a01b2f', 'id': 61, 'imgNum': 1}, {'readStatus': 1, 'imgId': None, 'updateTime': None, 'title': 'admin测试', 'type': 1, 'readCount': 2, 'content': '测试测试', 'createTime': '2022-05-16T02:13:32.000+0000', 'publisherName': 'admin', 'receiverCount': 2, 'publisher': 'f827bf18edd743129b78273840a01b2f', 'id': 50, 'imgNum': 0}, {'readStatus': 1, 'imgId': None, 'updateTime': None, 'title': '鹤骨鸡肤', 'type': 1, 'readCount': 3, 'content': '客家话', 'createTime': '2022-05-12T06:47:47.000+0000', 'publisherName': 'admin', 'receiverCount': 3, 'publisher': 'f827bf18edd743129b78273840a01b2f', 'id': 47, 'imgNum': 0}, {'readStatus': 1, 'imgId': '40288740807477790180922ae997000b,40288740807477790180922aebcc000c', 'updateTime': None, 'title': 'dd ', 'type': 1, 'readCount': 1, 'content': 'dada', 'createTime': '2022-05-05T03:02:16.000+0000', 'publisherName': 'admin', 'receiverCount': 1, 'publisher': 'f827bf18edd743129b78273840a01b2f', 'id': 45, 'imgNum': 2}, {'readStatus': 1, 'imgId': '40288740807311e001807323ea6f0003,40288740807311e001807323ec340004', 'updateTime': None, 'title': '2图片', 'type': 1, 'readCount': 1, 'content': '多打点', 'createTime': '2022-04-29T02:26:26.000+0000', 'publisherName': 'admin', 'receiverCount': 1, 'publisher': 'f827bf18edd743129b78273840a01b2f', 'id': 44, 'imgNum': 2}, {'readStatus': 1, 'imgId': None, 'updateTime': None, 'title': '哈哈哈', 'type': 1, 'readCount': 1, 'content': '哈哈哈', 'createTime': '2022-04-28T10:04:43.000+0000', 'publisherName': 'admin', 'receiverCount': 1, 'publisher': 'f827bf18edd743129b78273840a01b2f', 'id': 43, 'imgNum': 0}, {'readStatus': 1, 'imgId': None, 'updateTime': None, 'title': '阿萨德发放', 'type': 1, 'readCount': 1, 'content': ' 阿萨德发放', 'createTime': '2022-04-28T10:04:15.000+0000', 'publisherName': 'admin', 'receiverCount': 1, 'publisher': 'f827bf18edd743129b78273840a01b2f', 'id': 42, 'imgNum': 0}, {'readStatus': 1, 'imgId': None, 'updateTime': None, 'title': '第三方', 'type': 1, 'readCount': 1, 'content': '士大夫', 'createTime': '2022-04-28T10:03:26.000+0000', 'publisherName': 'admin', 'receiverCount': 1, 'publisher': 'f827bf18edd743129b78273840a01b2f', 'id': 41, 'imgNum': 0}, {'readStatus': 1, 'imgId': None, 'updateTime': None, 'title': '法第三方第三方', 'type': 1, 'readCount': 1, 'content': ' 阿斯顿发阿发', 'createTime': '2022-04-28T10:03:08.000+0000', 'publisherName': 'admin', 'receiverCount': 1, 'publisher': 'f827bf18edd743129b78273840a01b2f', 'id': 40, 'imgNum': 0}, {'readStatus': 1, 'imgId': None, 'updateTime': None, 'title': '阿的说法士大夫撒发', 'type': 1, 'readCount': 1, 'content': ' 第三方阿斯顿发', 'createTime': '2022-04-28T10:02:00.000+0000', 'publisherName': 'admin', 'receiverCount': 1, 'publisher': 'f827bf18edd743129b78273840a01b2f', 'id': 39, 'imgNum': 0}, {'readStatus': 1, 'imgId': None, 'updateTime': None, 'title': '大', 'type': 1, 'readCount': 1, 'content': ' 发生的', 'createTime': '2022-04-28T10:01:30.000+0000', 'publisherName': 'admin', 'receiverCount': 1, 'publisher': 'f827bf18edd743129b78273840a01b2f', 'id': 38, 'imgNum': 0}, {'readStatus': 1, 'imgId': '40288740806f853101806f8cbf530002', 'updateTime': None, 'title': '再来一次', 'type': 1, 'readCount': 1, 'content': '再来一次', 'createTime': '2022-04-28T09:42:33.000+0000', 'publisherName': 'admin', 'receiverCount': 1, 'publisher': 'f827bf18edd743129b78273840a01b2f', 'id': 37, 'imgNum': 1}, {'readStatus': 1, 'imgId': '40288740806ef81001806f6e71e4000e', 'updateTime': None, 'title': '最后一条', 'type': 1, 'readCount': 1, 'content': '最后一条', 'createTime': '2022-04-28T09:09:19.000+0000', 'publisherName': 'admin', 'receiverCount': 1, 'publisher': 'f827bf18edd743129b78273840a01b2f', 'id': 36, 'imgNum': 1}, {'readStatus': 1, 'imgId': None, 'updateTime': None, 'title': 'gadd ', 'type': 1, 'readCount': 1, 'content': 'asdgaf', 'createTime': '2022-04-28T09:07:20.000+0000', 'publisherName': 'admin', 'receiverCount': 1, 'publisher': 'f827bf18edd743129b78273840a01b2f', 'id': 35, 'imgNum': 0}, {'readStatus': 1, 'imgId': None, 'updateTime': None, 'title': '刚刚', 'type': 1, 'readCount': 1, 'content': ' 发的个', 'createTime': '2022-04-28T07:11:49.000+0000', 'publisherName': 'admin', 'receiverCount': 1, 'publisher': 'f827bf18edd743129b78273840a01b2f', 'id': 34, 'imgNum': 0}, {'readStatus': 1, 'imgId': None, 'updateTime': None, 'title': '灌灌灌灌', 'type': 1, 'readCount': 1, 'content': '灌灌灌灌', 'createTime': '2022-04-28T07:08:27.000+0000', 'publisherName': 'admin', 'receiverCount': 1, 'publisher': 'f827bf18edd743129b78273840a01b2f', 'id': 33, 'imgNum': 0}, {'readStatus': 1, 'imgId': None, 'updateTime': None, 'title': '是打发士大夫121区3厄齐尔无', 'type': 1, 'readCount': 1, 'content': '啥地方', 'createTime': '2022-04-28T07:02:36.000+0000', 'publisherName': 'admin', 'receiverCount': 1, 'publisher': 'f827bf18edd743129b78273840a01b2f', 'id': 32, 'imgNum': 0}], 'totalCountHbSQL': None, 'totalResultList': None, 'entityClass': None, 'param': None, 'pageMenuBar': ['1', '2']}, 'success': True}包含预期结果: {'success': True}
]

[D:\zhubin\auto_framwork\zed\Common\Assert.py:assert_in:47]   [INFO]  [2022-07-14 16:11:35,993]   [用例:[消息未读] 执行成功!!!***实际结果: {'errCode': '1', 'errMsg': '响应成功', 'data': {'pageSize': 20, 'totalCount': 11, 'toolbarLen': 10, 'currentPage': 1, 'totalPageCount': 1, 'listHbSql': None, 'resultList': [{'readStatus': 0, 'imgId': '4028874080b6b45c0180b6e35541000a', 'updateTime': None, 'title': '大大', 'type': 1, 'readCount': 2, 'content': '大额二维任然', 'createTime': '2022-05-12T06:10:07.000+0000', 'publisherName': 'admin', 'receiverCount': 3, 'publisher': 'f827bf18edd743129b78273840a01b2f', 'id': 46, 'imgNum': 1}, {'readStatus': 1, 'imgId': None, 'updateTime': None, 'title': '是打发士大夫', 'type': 1, 'readCount': 2, 'content': '阿斯顿发阿斯顿发', 'createTime': '2022-04-28T07:00:42.000+0000', 'publisherName': 'admin', 'receiverCount': 1, 'publisher': 'f827bf18edd743129b78273840a01b2f', 'id': 31, 'imgNum': 0}, {'readStatus': 1, 'imgId': '40288740806a1dfc01806e162ca0000b,40288740806a1dfc01806e162f23000c', 'updateTime': None, 'title': '两张图片', 'type': 1, 'readCount': 11, 'content': '单独', 'createTime': '2022-04-28T02:53:17.000+0000', 'publisherName': 'admin', 'receiverCount': 1, 'publisher': 'f827bf18edd743129b78273840a01b2f', 'id': 23, 'imgNum': 2}, {'readStatus': 1, 'imgId': '40288740806a1dfc01806e02f570000a', 'updateTime': None, 'title': '图片', 'type': 1, 'readCount': 2, 'content': '的', 'createTime': '2022-04-28T02:32:18.000+0000', 'publisherName': 'admin', 'receiverCount': 1, 'publisher': 'f827bf18edd743129b78273840a01b2f', 'id': 21, 'imgNum': 1}, {'readStatus': 0, 'imgId': None, 'updateTime': None, 'title': '4', 'type': 1, 'readCount': 0, 'content': '4', 'createTime': '2022-04-27T01:23:13.000+0000', 'publisherName': 'admin', 'receiverCount': 1, 'publisher': 'f827bf18edd743129b78273840a01b2f', 'id': 19, 'imgNum': 0}, {'readStatus': 0, 'imgId': None, 'updateTime': None, 'title': '3', 'type': 1, 'readCount': 0, 'content': '3', 'createTime': '2022-04-27T01:23:02.000+0000', 'publisherName': 'admin', 'receiverCount': 1, 'publisher': 'f827bf18edd743129b78273840a01b2f', 'id': 18, 'imgNum': 0}, {'readStatus': 0, 'imgId': None, 'updateTime': None, 'title': '2', 'type': 1, 'readCount': 0, 'content': '2', 'createTime': '2022-04-27T01:22:49.000+0000', 'publisherName': 'admin', 'receiverCount': 1, 'publisher': 'f827bf18edd743129b78273840a01b2f', 'id': 17, 'imgNum': 0}, {'readStatus': 0, 'imgId': None, 'updateTime': None, 'title': '1', 'type': 1, 'readCount': 0, 'content': '1', 'createTime': '2022-04-27T01:22:37.000+0000', 'publisherName': 'admin', 'receiverCount': 1, 'publisher': 'f827bf18edd743129b78273840a01b2f', 'id': 16, 'imgNum': 0}, {'readStatus': 0, 'imgId': None, 'updateTime': None, 'title': '多正文测试多正文测试多正文测试多正文测试多正文测试多正文测试多正文测试多正文测试多正文测试多正文测试多正文测试多正文测试多正文测试多正文测试多正文测试多正文测试多正文测试多正文测试多正文测试多正文测试多正文测试多正文测试多正文测试多正文测试多正文测试多正文测试多正文测试多正文测试多正文测试多正文测试多正文测试多正文测试多正文测试', 'type': 1, 'readCount': 0, 'content': '二维饿二维饿二维饿二维饿二维饿二维饿二维饿二维饿二维饿二维饿二维饿二维饿二维饿二维饿二维饿二维饿二维饿二维饿二维饿二维饿二维饿二维饿二维饿二维饿二维饿二维饿二维饿二维二维饿二维饿二维饿二维饿二维饿二维饿二维饿二维饿二维饿二维饿二维饿二维饿二维饿二维饿二维饿二维饿二维饿二维饿二维饿二维饿二维饿二维饿二维饿二维饿二维饿二维饿二维饿二维二维饿二维饿二维饿二维饿二维饿二维饿二维饿二维饿二维饿二维饿二维饿二维饿二维饿二维饿二维饿二维饿二维饿二维饿二维饿二维饿二维饿二维饿二维饿二维饿二维饿二维饿二维饿二维二维饿二维饿二维饿二维饿二维饿二维饿二维饿二维饿二维饿二维饿二维饿二维饿二维饿二维饿二维饿二维饿二维饿二维饿二维饿二维饿二维饿二维饿二维饿二维饿二维饿二维饿二维饿二维二维饿二维饿二维饿二维饿二维饿二维饿二维饿二维饿二维饿二维饿二维饿二维饿二维饿二维饿二维饿二维饿二维饿二维饿二维饿二维饿二维饿二维饿二维饿二维饿二维饿二维饿二维饿二维二维饿二维饿二维饿二维饿二维饿二维饿二维饿二维饿二维饿二维饿二维饿二维饿二维饿二维饿二维饿二维饿二维饿二维饿二维饿二维饿二维饿二维饿二维饿二维饿二维饿二维饿二维饿二维二维饿二维饿二维饿二维饿二维饿二维饿二维饿二维饿二维饿二维饿二维饿二维饿二维饿二维饿二维饿二维饿二维饿二维饿二维饿二维饿二维饿二维饿二维饿二维饿二维饿二维饿二维饿二维二维饿二维饿二维饿二维饿二维饿二维饿二维饿二维饿二维饿二维饿二维饿二维饿二维饿二维饿二维饿二维饿二维饿二维饿二维饿二维饿二维饿二维饿二维饿二维饿二维饿二维饿二维饿二维二维饿二维饿二维饿二维饿二维饿二维饿二维饿二维饿二维饿二维饿二维饿二维饿二维饿二维饿二维饿二维饿二维饿二维饿二维饿二维饿二维饿二维饿二维饿二维饿二维饿二维饿二维饿二维二维饿二维饿二维饿二维饿二维饿二维饿二维饿二维饿二维饿二维饿二维饿二维饿二维饿二维饿二维饿二维饿二维饿二维饿二维饿二维饿二维饿二维饿二维饿二维饿二维饿二维饿二维饿二维二维饿二维饿二维饿二维饿二维饿二维饿二维饿二维饿二维饿二维饿二维饿二维饿二维饿二维饿二维饿二维饿二维饿二维饿二维饿二维饿二维饿二维饿二维饿二维饿二维饿二维饿二维饿二维二维饿二维饿二维饿二维饿二维饿二维饿二维饿二维饿二维饿二维饿二维饿二维饿二维饿二维饿二维饿二维饿二维饿二维饿二维饿二维饿二维饿二维饿二维饿二维饿二维饿二维饿二维饿二维二维饿二', 'createTime': '2022-04-27T00:56:56.000+0000', 'publisherName': 'admin', 'receiverCount': 1, 'publisher': 'f827bf18edd743129b78273840a01b2f', 'id': 14, 'imgNum': 0}, {'readStatus': 0, 'imgId': None, 'updateTime': None, 'title': '测试', 'type': 1, 'readCount': 3, 'content': '的大V', 'createTime': '2022-04-26T06:35:13.000+0000', 'publisherName': 'admin', 'receiverCount': 1, 'publisher': 'f827bf18edd743129b78273840a01b2f', 'id': 11, 'imgNum': 0}, {'readStatus': 1, 'imgId': '40288740806380380180648d34270005', 'updateTime': None, 'title': '图片通知', 'type': 1, 'readCount': 6, 'content': '测试', 'createTime': '2022-04-26T06:34:16.000+0000', 'publisherName': 'admin', 'receiverCount': 2, 'publisher': 'f827bf18edd743129b78273840a01b2f', 'id': 10, 'imgNum': 1}], 'totalCountHbSQL': None, 'totalResultList': None, 'entityClass': None, 'param': None, 'pageMenuBar': ['1']}, 'success': True}包含预期结果: {'success': True}
]

[D:\zhubin\auto_framwork\zed\Common\Assert.py:assert_in:47]   [INFO]  [2022-07-14 16:11:36,061]   [用例:[查询最近一周的消息] 执行成功!!!***实际结果: {'errCode': '1', 'errMsg': '响应成功', 'data': {'pageSize': 20, 'totalCount': 42, 'toolbarLen': 10, 'currentPage': 1, 'totalPageCount': 3, 'listHbSql': None, 'resultList': [{'readStatus': 0, 'imgId': None, 'updateTime': None, 'title': 'autotest_2022714161135', 'type': 1, 'readCount': 1, 'content': '自动化测试', 'createTime': '2022-07-14T08:12:19.000+0000', 'publisherName': 'admin', 'receiverCount': 1, 'publisher': 'f827bf18edd743129b78273840a01b2f', 'id': 107, 'imgNum': 0}, {'readStatus': 0, 'imgId': None, 'updateTime': None, 'title': 'autotest_2022624145015', 'type': 1, 'readCount': 1, 'content': '自动化测试', 'createTime': '2022-06-24T06:50:44.000+0000', 'publisherName': 'admin', 'receiverCount': 1, 'publisher': 'f827bf18edd743129b78273840a01b2f', 'id': 106, 'imgNum': 0}, {'readStatus': 0, 'imgId': None, 'updateTime': None, 'title': 'ewe', 'type': 1, 'readCount': 1, 'content': 'wewe', 'createTime': '2022-06-23T08:13:48.000+0000', 'publisherName': 'admin', 'receiverCount': 1, 'publisher': 'f827bf18edd743129b78273840a01b2f', 'id': 80, 'imgNum': 0}, {'readStatus': 0, 'imgId': '402887408142153401818a667ab00026', 'updateTime': None, 'title': 'addad', 'type': 1, 'readCount': 1, 'content': 'adada', 'createTime': '2022-06-22T07:54:47.000+0000', 'publisherName': 'admin', 'receiverCount': 1, 'publisher': 'f827bf18edd743129b78273840a01b2f', 'id': 61, 'imgNum': 1}, {'readStatus': 1, 'imgId': None, 'updateTime': None, 'title': 'admin测试', 'type': 1, 'readCount': 2, 'content': '测试测试', 'createTime': '2022-05-16T02:13:32.000+0000', 'publisherName': 'admin', 'receiverCount': 2, 'publisher': 'f827bf18edd743129b78273840a01b2f', 'id': 50, 'imgNum': 0}, {'readStatus': 1, 'imgId': None, 'updateTime': None, 'title': '鹤骨鸡肤', 'type': 1, 'readCount': 3, 'content': '客家话', 'createTime': '2022-05-12T06:47:47.000+0000', 'publisherName': 'admin', 'receiverCount': 3, 'publisher': 'f827bf18edd743129b78273840a01b2f', 'id': 47, 'imgNum': 0}, {'readStatus': 0, 'imgId': '4028874080b6b45c0180b6e35541000a', 'updateTime': None, 'title': '大大', 'type': 1, 'readCount': 2, 'content': '大额二维任然', 'createTime': '2022-05-12T06:10:07.000+0000', 'publisherName': 'admin', 'receiverCount': 3, 'publisher': 'f827bf18edd743129b78273840a01b2f', 'id': 46, 'imgNum': 1}, {'readStatus': 1, 'imgId': '40288740807477790180922ae997000b,40288740807477790180922aebcc000c', 'updateTime': None, 'title': 'dd ', 'type': 1, 'readCount': 1, 'content': 'dada', 'createTime': '2022-05-05T03:02:16.000+0000', 'publisherName': 'admin', 'receiverCount': 1, 'publisher': 'f827bf18edd743129b78273840a01b2f', 'id': 45, 'imgNum': 2}, {'readStatus': 1, 'imgId': '40288740807311e001807323ea6f0003,40288740807311e001807323ec340004', 'updateTime': None, 'title': '2图片', 'type': 1, 'readCount': 1, 'content': '多打点', 'createTime': '2022-04-29T02:26:26.000+0000', 'publisherName': 'admin', 'receiverCount': 1, 'publisher': 'f827bf18edd743129b78273840a01b2f', 'id': 44, 'imgNum': 2}, {'readStatus': 1, 'imgId': None, 'updateTime': None, 'title': '哈哈哈', 'type': 1, 'readCount': 1, 'content': '哈哈哈', 'createTime': '2022-04-28T10:04:43.000+0000', 'publisherName': 'admin', 'receiverCount': 1, 'publisher': 'f827bf18edd743129b78273840a01b2f', 'id': 43, 'imgNum': 0}, {'readStatus': 1, 'imgId': None, 'updateTime': None, 'title': '阿萨德发放', 'type': 1, 'readCount': 1, 'content': ' 阿萨德发放', 'createTime': '2022-04-28T10:04:15.000+0000', 'publisherName': 'admin', 'receiverCount': 1, 'publisher': 'f827bf18edd743129b78273840a01b2f', 'id': 42, 'imgNum': 0}, {'readStatus': 1, 'imgId': None, 'updateTime': None, 'title': '第三方', 'type': 1, 'readCount': 1, 'content': '士大夫', 'createTime': '2022-04-28T10:03:26.000+0000', 'publisherName': 'admin', 'receiverCount': 1, 'publisher': 'f827bf18edd743129b78273840a01b2f', 'id': 41, 'imgNum': 0}, {'readStatus': 1, 'imgId': None, 'updateTime': None, 'title': '法第三方第三方', 'type': 1, 'readCount': 1, 'content': ' 阿斯顿发阿发', 'createTime': '2022-04-28T10:03:08.000+0000', 'publisherName': 'admin', 'receiverCount': 1, 'publisher': 'f827bf18edd743129b78273840a01b2f', 'id': 40, 'imgNum': 0}, {'readStatus': 1, 'imgId': None, 'updateTime': None, 'title': '阿的说法士大夫撒发', 'type': 1, 'readCount': 1, 'content': ' 第三方阿斯顿发', 'createTime': '2022-04-28T10:02:00.000+0000', 'publisherName': 'admin', 'receiverCount': 1, 'publisher': 'f827bf18edd743129b78273840a01b2f', 'id': 39, 'imgNum': 0}, {'readStatus': 1, 'imgId': None, 'updateTime': None, 'title': '大', 'type': 1, 'readCount': 1, 'content': ' 发生的', 'createTime': '2022-04-28T10:01:30.000+0000', 'publisherName': 'admin', 'receiverCount': 1, 'publisher': 'f827bf18edd743129b78273840a01b2f', 'id': 38, 'imgNum': 0}, {'readStatus': 1, 'imgId': '40288740806f853101806f8cbf530002', 'updateTime': None, 'title': '再来一次', 'type': 1, 'readCount': 1, 'content': '再来一次', 'createTime': '2022-04-28T09:42:33.000+0000', 'publisherName': 'admin', 'receiverCount': 1, 'publisher': 'f827bf18edd743129b78273840a01b2f', 'id': 37, 'imgNum': 1}, {'readStatus': 1, 'imgId': '40288740806ef81001806f6e71e4000e', 'updateTime': None, 'title': '最后一条', 'type': 1, 'readCount': 1, 'content': '最后一条', 'createTime': '2022-04-28T09:09:19.000+0000', 'publisherName': 'admin', 'receiverCount': 1, 'publisher': 'f827bf18edd743129b78273840a01b2f', 'id': 36, 'imgNum': 1}, {'readStatus': 1, 'imgId': None, 'updateTime': None, 'title': 'gadd ', 'type': 1, 'readCount': 1, 'content': 'asdgaf', 'createTime': '2022-04-28T09:07:20.000+0000', 'publisherName': 'admin', 'receiverCount': 1, 'publisher': 'f827bf18edd743129b78273840a01b2f', 'id': 35, 'imgNum': 0}, {'readStatus': 1, 'imgId': None, 'updateTime': None, 'title': '刚刚', 'type': 1, 'readCount': 1, 'content': ' 发的个', 'createTime': '2022-04-28T07:11:49.000+0000', 'publisherName': 'admin', 'receiverCount': 1, 'publisher': 'f827bf18edd743129b78273840a01b2f', 'id': 34, 'imgNum': 0}, {'readStatus': 1, 'imgId': None, 'updateTime': None, 'title': '灌灌灌灌', 'type': 1, 'readCount': 1, 'content': '灌灌灌灌', 'createTime': '2022-04-28T07:08:27.000+0000', 'publisherName': 'admin', 'receiverCount': 1, 'publisher': 'f827bf18edd743129b78273840a01b2f', 'id': 33, 'imgNum': 0}], 'totalCountHbSQL': None, 'totalResultList': None, 'entityClass': None, 'param': None, 'pageMenuBar': ['1', '2', '3']}, 'success': True}包含预期结果: {'success': True}
]

[D:\zhubin\auto_framwork\zed\Common\Request.py:send_request:58]   [ERROR]  [2022-07-14 16:27:03,799]   [unkown error]

[D:\zhubin\auto_framwork\zed\Common\Assert.py:assert_in:47]   [INFO]  [2022-07-14 16:27:03,800]   [用例:[新增消息] 执行成功!!!***实际结果: {'errCode': '1', 'errMsg': '响应成功', 'data': None, 'success': True}包含预期结果: {'success': True}
]

[D:\zhubin\auto_framwork\zed\Common\Request.py:send_request:58]   [ERROR]  [2022-07-14 16:27:03,863]   [unkown error]

[D:\zhubin\auto_framwork\zed\Common\Assert.py:assert_in:47]   [INFO]  [2022-07-14 16:27:03,863]   [用例:[查询指定的标题消息] 执行成功!!!***实际结果: {'errCode': '1', 'errMsg': '响应成功', 'data': {'pageSize': 20, 'totalCount': 0, 'toolbarLen': 10, 'currentPage': 1, 'totalPageCount': 1, 'listHbSql': None, 'resultList': [], 'totalCountHbSQL': None, 'totalResultList': None, 'entityClass': None, 'param': None, 'pageMenuBar': ['1']}, 'success': True}包含预期结果: {'success': True}
]

[D:\zhubin\auto_framwork\zed\Common\Request.py:send_request:58]   [ERROR]  [2022-07-14 16:27:03,916]   [unkown error]

[D:\zhubin\auto_framwork\zed\Common\Assert.py:assert_in:47]   [INFO]  [2022-07-14 16:27:03,916]   [用例:[按发布人查询消息] 执行成功!!!***实际结果: {'errCode': '1', 'errMsg': '响应成功', 'data': {'pageSize': 20, 'totalCount': 43, 'toolbarLen': 10, 'currentPage': 1, 'totalPageCount': 3, 'listHbSql': None, 'resultList': [{'readStatus': 0, 'imgId': None, 'updateTime': None, 'title': 'autotest_202271416273', 'type': 1, 'readCount': 1, 'content': '自动化测试', 'createTime': '2022-07-14T08:27:47.000+0000', 'publisherName': 'admin', 'receiverCount': 1, 'publisher': 'f827bf18edd743129b78273840a01b2f', 'id': 108, 'imgNum': 0}, {'readStatus': 0, 'imgId': None, 'updateTime': None, 'title': 'autotest_2022714161135', 'type': 1, 'readCount': 1, 'content': '自动化测试', 'createTime': '2022-07-14T08:12:19.000+0000', 'publisherName': 'admin', 'receiverCount': 1, 'publisher': 'f827bf18edd743129b78273840a01b2f', 'id': 107, 'imgNum': 0}, {'readStatus': 0, 'imgId': None, 'updateTime': None, 'title': 'autotest_2022624145015', 'type': 1, 'readCount': 1, 'content': '自动化测试', 'createTime': '2022-06-24T06:50:44.000+0000', 'publisherName': 'admin', 'receiverCount': 1, 'publisher': 'f827bf18edd743129b78273840a01b2f', 'id': 106, 'imgNum': 0}, {'readStatus': 0, 'imgId': None, 'updateTime': None, 'title': 'ewe', 'type': 1, 'readCount': 1, 'content': 'wewe', 'createTime': '2022-06-23T08:13:48.000+0000', 'publisherName': 'admin', 'receiverCount': 1, 'publisher': 'f827bf18edd743129b78273840a01b2f', 'id': 80, 'imgNum': 0}, {'readStatus': 0, 'imgId': '402887408142153401818a667ab00026', 'updateTime': None, 'title': 'addad', 'type': 1, 'readCount': 1, 'content': 'adada', 'createTime': '2022-06-22T07:54:47.000+0000', 'publisherName': 'admin', 'receiverCount': 1, 'publisher': 'f827bf18edd743129b78273840a01b2f', 'id': 61, 'imgNum': 1}, {'readStatus': 1, 'imgId': None, 'updateTime': None, 'title': 'admin测试', 'type': 1, 'readCount': 2, 'content': '测试测试', 'createTime': '2022-05-16T02:13:32.000+0000', 'publisherName': 'admin', 'receiverCount': 2, 'publisher': 'f827bf18edd743129b78273840a01b2f', 'id': 50, 'imgNum': 0}, {'readStatus': 1, 'imgId': None, 'updateTime': None, 'title': '鹤骨鸡肤', 'type': 1, 'readCount': 3, 'content': '客家话', 'createTime': '2022-05-12T06:47:47.000+0000', 'publisherName': 'admin', 'receiverCount': 3, 'publisher': 'f827bf18edd743129b78273840a01b2f', 'id': 47, 'imgNum': 0}, {'readStatus': 0, 'imgId': '4028874080b6b45c0180b6e35541000a', 'updateTime': None, 'title': '大大', 'type': 1, 'readCount': 2, 'content': '大额二维任然', 'createTime': '2022-05-12T06:10:07.000+0000', 'publisherName': 'admin', 'receiverCount': 3, 'publisher': 'f827bf18edd743129b78273840a01b2f', 'id': 46, 'imgNum': 1}, {'readStatus': 1, 'imgId': '40288740807477790180922ae997000b,40288740807477790180922aebcc000c', 'updateTime': None, 'title': 'dd ', 'type': 1, 'readCount': 1, 'content': 'dada', 'createTime': '2022-05-05T03:02:16.000+0000', 'publisherName': 'admin', 'receiverCount': 1, 'publisher': 'f827bf18edd743129b78273840a01b2f', 'id': 45, 'imgNum': 2}, {'readStatus': 1, 'imgId': '40288740807311e001807323ea6f0003,40288740807311e001807323ec340004', 'updateTime': None, 'title': '2图片', 'type': 1, 'readCount': 1, 'content': '多打点', 'createTime': '2022-04-29T02:26:26.000+0000', 'publisherName': 'admin', 'receiverCount': 1, 'publisher': 'f827bf18edd743129b78273840a01b2f', 'id': 44, 'imgNum': 2}, {'readStatus': 1, 'imgId': None, 'updateTime': None, 'title': '哈哈哈', 'type': 1, 'readCount': 1, 'content': '哈哈哈', 'createTime': '2022-04-28T10:04:43.000+0000', 'publisherName': 'admin', 'receiverCount': 1, 'publisher': 'f827bf18edd743129b78273840a01b2f', 'id': 43, 'imgNum': 0}, {'readStatus': 1, 'imgId': None, 'updateTime': None, 'title': '阿萨德发放', 'type': 1, 'readCount': 1, 'content': ' 阿萨德发放', 'createTime': '2022-04-28T10:04:15.000+0000', 'publisherName': 'admin', 'receiverCount': 1, 'publisher': 'f827bf18edd743129b78273840a01b2f', 'id': 42, 'imgNum': 0}, {'readStatus': 1, 'imgId': None, 'updateTime': None, 'title': '第三方', 'type': 1, 'readCount': 1, 'content': '士大夫', 'createTime': '2022-04-28T10:03:26.000+0000', 'publisherName': 'admin', 'receiverCount': 1, 'publisher': 'f827bf18edd743129b78273840a01b2f', 'id': 41, 'imgNum': 0}, {'readStatus': 1, 'imgId': None, 'updateTime': None, 'title': '法第三方第三方', 'type': 1, 'readCount': 1, 'content': ' 阿斯顿发阿发', 'createTime': '2022-04-28T10:03:08.000+0000', 'publisherName': 'admin', 'receiverCount': 1, 'publisher': 'f827bf18edd743129b78273840a01b2f', 'id': 40, 'imgNum': 0}, {'readStatus': 1, 'imgId': None, 'updateTime': None, 'title': '阿的说法士大夫撒发', 'type': 1, 'readCount': 1, 'content': ' 第三方阿斯顿发', 'createTime': '2022-04-28T10:02:00.000+0000', 'publisherName': 'admin', 'receiverCount': 1, 'publisher': 'f827bf18edd743129b78273840a01b2f', 'id': 39, 'imgNum': 0}, {'readStatus': 1, 'imgId': None, 'updateTime': None, 'title': '大', 'type': 1, 'readCount': 1, 'content': ' 发生的', 'createTime': '2022-04-28T10:01:30.000+0000', 'publisherName': 'admin', 'receiverCount': 1, 'publisher': 'f827bf18edd743129b78273840a01b2f', 'id': 38, 'imgNum': 0}, {'readStatus': 1, 'imgId': '40288740806f853101806f8cbf530002', 'updateTime': None, 'title': '再来一次', 'type': 1, 'readCount': 1, 'content': '再来一次', 'createTime': '2022-04-28T09:42:33.000+0000', 'publisherName': 'admin', 'receiverCount': 1, 'publisher': 'f827bf18edd743129b78273840a01b2f', 'id': 37, 'imgNum': 1}, {'readStatus': 1, 'imgId': '40288740806ef81001806f6e71e4000e', 'updateTime': None, 'title': '最后一条', 'type': 1, 'readCount': 1, 'content': '最后一条', 'createTime': '2022-04-28T09:09:19.000+0000', 'publisherName': 'admin', 'receiverCount': 1, 'publisher': 'f827bf18edd743129b78273840a01b2f', 'id': 36, 'imgNum': 1}, {'readStatus': 1, 'imgId': None, 'updateTime': None, 'title': 'gadd ', 'type': 1, 'readCount': 1, 'content': 'asdgaf', 'createTime': '2022-04-28T09:07:20.000+0000', 'publisherName': 'admin', 'receiverCount': 1, 'publisher': 'f827bf18edd743129b78273840a01b2f', 'id': 35, 'imgNum': 0}, {'readStatus': 1, 'imgId': None, 'updateTime': None, 'title': '刚刚', 'type': 1, 'readCount': 1, 'content': ' 发的个', 'createTime': '2022-04-28T07:11:49.000+0000', 'publisherName': 'admin', 'receiverCount': 1, 'publisher': 'f827bf18edd743129b78273840a01b2f', 'id': 34, 'imgNum': 0}], 'totalCountHbSQL': None, 'totalResultList': None, 'entityClass': None, 'param': None, 'pageMenuBar': ['1', '2', '3']}, 'success': True}包含预期结果: {'success': True}
]

[D:\zhubin\auto_framwork\zed\Common\Request.py:send_request:58]   [ERROR]  [2022-07-14 16:27:03,980]   [unkown error]

[D:\zhubin\auto_framwork\zed\Common\Assert.py:assert_in:47]   [INFO]  [2022-07-14 16:27:03,981]   [用例:[消息包含图片] 执行成功!!!***实际结果: {'errCode': '1', 'errMsg': '响应成功', 'data': {'pageSize': 20, 'totalCount': 13, 'toolbarLen': 10, 'currentPage': 1, 'totalPageCount': 1, 'listHbSql': None, 'resultList': [{'readStatus': 0, 'imgId': '402887408142153401818a667ab00026', 'updateTime': None, 'title': 'addad', 'type': 1, 'readCount': 1, 'content': 'adada', 'createTime': '2022-06-22T07:54:47.000+0000', 'publisherName': 'admin', 'receiverCount': 1, 'publisher': 'f827bf18edd743129b78273840a01b2f', 'id': 61, 'imgNum': 1}, {'readStatus': 0, 'imgId': '4028874080b6b45c0180b6e35541000a', 'updateTime': None, 'title': '大大', 'type': 1, 'readCount': 2, 'content': '大额二维任然', 'createTime': '2022-05-12T06:10:07.000+0000', 'publisherName': 'admin', 'receiverCount': 3, 'publisher': 'f827bf18edd743129b78273840a01b2f', 'id': 46, 'imgNum': 1}, {'readStatus': 1, 'imgId': '40288740807477790180922ae997000b,40288740807477790180922aebcc000c', 'updateTime': None, 'title': 'dd ', 'type': 1, 'readCount': 1, 'content': 'dada', 'createTime': '2022-05-05T03:02:16.000+0000', 'publisherName': 'admin', 'receiverCount': 1, 'publisher': 'f827bf18edd743129b78273840a01b2f', 'id': 45, 'imgNum': 2}, {'readStatus': 1, 'imgId': '40288740807311e001807323ea6f0003,40288740807311e001807323ec340004', 'updateTime': None, 'title': '2图片', 'type': 1, 'readCount': 1, 'content': '多打点', 'createTime': '2022-04-29T02:26:26.000+0000', 'publisherName': 'admin', 'receiverCount': 1, 'publisher': 'f827bf18edd743129b78273840a01b2f', 'id': 44, 'imgNum': 2}, {'readStatus': 1, 'imgId': '40288740806f853101806f8cbf530002', 'updateTime': None, 'title': '再来一次', 'type': 1, 'readCount': 1, 'content': '再来一次', 'createTime': '2022-04-28T09:42:33.000+0000', 'publisherName': 'admin', 'receiverCount': 1, 'publisher': 'f827bf18edd743129b78273840a01b2f', 'id': 37, 'imgNum': 1}, {'readStatus': 1, 'imgId': '40288740806ef81001806f6e71e4000e', 'updateTime': None, 'title': '最后一条', 'type': 1, 'readCount': 1, 'content': '最后一条', 'createTime': '2022-04-28T09:09:19.000+0000', 'publisherName': 'admin', 'receiverCount': 1, 'publisher': 'f827bf18edd743129b78273840a01b2f', 'id': 36, 'imgNum': 1}, {'readStatus': 1, 'imgId': '', 'updateTime': None, 'title': '测试112', 'type': 1, 'readCount': 1, 'content': '1212', 'createTime': '2022-04-28T05:47:44.000+0000', 'publisherName': 'admin', 'receiverCount': 1, 'publisher': 'f827bf18edd743129b78273840a01b2f', 'id': 26, 'imgNum': 1}, {'readStatus': 1, 'imgId': '40288740806a1dfc01806e162ca0000b,40288740806a1dfc01806e162f23000c', 'updateTime': None, 'title': '两张图片', 'type': 1, 'readCount': 11, 'content': '单独', 'createTime': '2022-04-28T02:53:17.000+0000', 'publisherName': 'admin', 'receiverCount': 1, 'publisher': 'f827bf18edd743129b78273840a01b2f', 'id': 23, 'imgNum': 2}, {'readStatus': 1, 'imgId': '', 'updateTime': None, 'title': '无图片', 'type': 1, 'readCount': 1, 'content': '的', 'createTime': '2022-04-28T02:33:41.000+0000', 'publisherName': 'admin', 'receiverCount': 1, 'publisher': 'f827bf18edd743129b78273840a01b2f', 'id': 22, 'imgNum': 1}, {'readStatus': 1, 'imgId': '40288740806a1dfc01806e02f570000a', 'updateTime': None, 'title': '图片', 'type': 1, 'readCount': 2, 'content': '的', 'createTime': '2022-04-28T02:32:18.000+0000', 'publisherName': 'admin', 'receiverCount': 1, 'publisher': 'f827bf18edd743129b78273840a01b2f', 'id': 21, 'imgNum': 1}, {'readStatus': 1, 'imgId': '4028874080638038018068953806000d,40288740806380380180689561dc000e,4028874080638038018068958c17000f,402887408063803801806895b7160010,402887408063803801806895dddd0011,40288740806380380180689603340012,40288740806380380180689635510013,40288740806380380180689638100014,4028874080638038018068965e110015,402887408063803801806896603a0016', 'updateTime': None, 'title': '10图片', 'type': 1, 'readCount': 1, 'content': '单独', 'createTime': '2022-04-27T01:15:50.000+0000', 'publisherName': 'admin', 'receiverCount': 1, 'publisher': 'f827bf18edd743129b78273840a01b2f', 'id': 15, 'imgNum': 10}, {'readStatus': 1, 'imgId': '4028874080638038018064ad48e80008,4028874080638038018064b1610e0009,4028874080638038018064b162a9000a', 'updateTime': None, 'title': '多图片测试', 'type': 1, 'readCount': 2, 'content': '单独', 'createTime': '2022-04-26T07:06:51.000+0000', 'publisherName': 'admin', 'receiverCount': 2, 'publisher': 'f827bf18edd743129b78273840a01b2f', 'id': 12, 'imgNum': 3}, {'readStatus': 1, 'imgId': '40288740806380380180648d34270005', 'updateTime': None, 'title': '图片通知', 'type': 1, 'readCount': 6, 'content': '测试', 'createTime': '2022-04-26T06:34:16.000+0000', 'publisherName': 'admin', 'receiverCount': 2, 'publisher': 'f827bf18edd743129b78273840a01b2f', 'id': 10, 'imgNum': 1}], 'totalCountHbSQL': None, 'totalResultList': None, 'entityClass': None, 'param': None, 'pageMenuBar': ['1']}, 'success': True}包含预期结果: {'success': True}
]

[D:\zhubin\auto_framwork\zed\Common\Request.py:send_request:58]   [ERROR]  [2022-07-14 16:27:04,040]   [unkown error]

[D:\zhubin\auto_framwork\zed\Common\Assert.py:assert_in:47]   [INFO]  [2022-07-14 16:27:04,041]   [用例:[消息不含图片] 执行成功!!!***实际结果: {'errCode': '1', 'errMsg': '响应成功', 'data': {'pageSize': 20, 'totalCount': 30, 'toolbarLen': 10, 'currentPage': 1, 'totalPageCount': 2, 'listHbSql': None, 'resultList': [{'readStatus': 0, 'imgId': None, 'updateTime': None, 'title': 'autotest_202271416273', 'type': 1, 'readCount': 1, 'content': '自动化测试', 'createTime': '2022-07-14T08:27:47.000+0000', 'publisherName': 'admin', 'receiverCount': 1, 'publisher': 'f827bf18edd743129b78273840a01b2f', 'id': 108, 'imgNum': 0}, {'readStatus': 0, 'imgId': None, 'updateTime': None, 'title': 'autotest_2022714161135', 'type': 1, 'readCount': 1, 'content': '自动化测试', 'createTime': '2022-07-14T08:12:19.000+0000', 'publisherName': 'admin', 'receiverCount': 1, 'publisher': 'f827bf18edd743129b78273840a01b2f', 'id': 107, 'imgNum': 0}, {'readStatus': 0, 'imgId': None, 'updateTime': None, 'title': 'autotest_2022624145015', 'type': 1, 'readCount': 1, 'content': '自动化测试', 'createTime': '2022-06-24T06:50:44.000+0000', 'publisherName': 'admin', 'receiverCount': 1, 'publisher': 'f827bf18edd743129b78273840a01b2f', 'id': 106, 'imgNum': 0}, {'readStatus': 0, 'imgId': None, 'updateTime': None, 'title': 'ewe', 'type': 1, 'readCount': 1, 'content': 'wewe', 'createTime': '2022-06-23T08:13:48.000+0000', 'publisherName': 'admin', 'receiverCount': 1, 'publisher': 'f827bf18edd743129b78273840a01b2f', 'id': 80, 'imgNum': 0}, {'readStatus': 1, 'imgId': None, 'updateTime': None, 'title': 'admin测试', 'type': 1, 'readCount': 2, 'content': '测试测试', 'createTime': '2022-05-16T02:13:32.000+0000', 'publisherName': 'admin', 'receiverCount': 2, 'publisher': 'f827bf18edd743129b78273840a01b2f', 'id': 50, 'imgNum': 0}, {'readStatus': 1, 'imgId': None, 'updateTime': None, 'title': '鹤骨鸡肤', 'type': 1, 'readCount': 3, 'content': '客家话', 'createTime': '2022-05-12T06:47:47.000+0000', 'publisherName': 'admin', 'receiverCount': 3, 'publisher': 'f827bf18edd743129b78273840a01b2f', 'id': 47, 'imgNum': 0}, {'readStatus': 1, 'imgId': None, 'updateTime': None, 'title': '哈哈哈', 'type': 1, 'readCount': 1, 'content': '哈哈哈', 'createTime': '2022-04-28T10:04:43.000+0000', 'publisherName': 'admin', 'receiverCount': 1, 'publisher': 'f827bf18edd743129b78273840a01b2f', 'id': 43, 'imgNum': 0}, {'readStatus': 1, 'imgId': None, 'updateTime': None, 'title': '阿萨德发放', 'type': 1, 'readCount': 1, 'content': ' 阿萨德发放', 'createTime': '2022-04-28T10:04:15.000+0000', 'publisherName': 'admin', 'receiverCount': 1, 'publisher': 'f827bf18edd743129b78273840a01b2f', 'id': 42, 'imgNum': 0}, {'readStatus': 1, 'imgId': None, 'updateTime': None, 'title': '第三方', 'type': 1, 'readCount': 1, 'content': '士大夫', 'createTime': '2022-04-28T10:03:26.000+0000', 'publisherName': 'admin', 'receiverCount': 1, 'publisher': 'f827bf18edd743129b78273840a01b2f', 'id': 41, 'imgNum': 0}, {'readStatus': 1, 'imgId': None, 'updateTime': None, 'title': '法第三方第三方', 'type': 1, 'readCount': 1, 'content': ' 阿斯顿发阿发', 'createTime': '2022-04-28T10:03:08.000+0000', 'publisherName': 'admin', 'receiverCount': 1, 'publisher': 'f827bf18edd743129b78273840a01b2f', 'id': 40, 'imgNum': 0}, {'readStatus': 1, 'imgId': None, 'updateTime': None, 'title': '阿的说法士大夫撒发', 'type': 1, 'readCount': 1, 'content': ' 第三方阿斯顿发', 'createTime': '2022-04-28T10:02:00.000+0000', 'publisherName': 'admin', 'receiverCount': 1, 'publisher': 'f827bf18edd743129b78273840a01b2f', 'id': 39, 'imgNum': 0}, {'readStatus': 1, 'imgId': None, 'updateTime': None, 'title': '大', 'type': 1, 'readCount': 1, 'content': ' 发生的', 'createTime': '2022-04-28T10:01:30.000+0000', 'publisherName': 'admin', 'receiverCount': 1, 'publisher': 'f827bf18edd743129b78273840a01b2f', 'id': 38, 'imgNum': 0}, {'readStatus': 1, 'imgId': None, 'updateTime': None, 'title': 'gadd ', 'type': 1, 'readCount': 1, 'content': 'asdgaf', 'createTime': '2022-04-28T09:07:20.000+0000', 'publisherName': 'admin', 'receiverCount': 1, 'publisher': 'f827bf18edd743129b78273840a01b2f', 'id': 35, 'imgNum': 0}, {'readStatus': 1, 'imgId': None, 'updateTime': None, 'title': '刚刚', 'type': 1, 'readCount': 1, 'content': ' 发的个', 'createTime': '2022-04-28T07:11:49.000+0000', 'publisherName': 'admin', 'receiverCount': 1, 'publisher': 'f827bf18edd743129b78273840a01b2f', 'id': 34, 'imgNum': 0}, {'readStatus': 1, 'imgId': None, 'updateTime': None, 'title': '灌灌灌灌', 'type': 1, 'readCount': 1, 'content': '灌灌灌灌', 'createTime': '2022-04-28T07:08:27.000+0000', 'publisherName': 'admin', 'receiverCount': 1, 'publisher': 'f827bf18edd743129b78273840a01b2f', 'id': 33, 'imgNum': 0}, {'readStatus': 1, 'imgId': None, 'updateTime': None, 'title': '是打发士大夫121区3厄齐尔无', 'type': 1, 'readCount': 1, 'content': '啥地方', 'createTime': '2022-04-28T07:02:36.000+0000', 'publisherName': 'admin', 'receiverCount': 1, 'publisher': 'f827bf18edd743129b78273840a01b2f', 'id': 32, 'imgNum': 0}, {'readStatus': 1, 'imgId': None, 'updateTime': None, 'title': '是打发士大夫', 'type': 1, 'readCount': 2, 'content': '阿斯顿发阿斯顿发', 'createTime': '2022-04-28T07:00:42.000+0000', 'publisherName': 'admin', 'receiverCount': 1, 'publisher': 'f827bf18edd743129b78273840a01b2f', 'id': 31, 'imgNum': 0}, {'readStatus': 1, 'imgId': None, 'updateTime': None, 'title': '434', 'type': 1, 'readCount': 1, 'content': '434', 'createTime': '2022-04-28T06:35:37.000+0000', 'publisherName': 'admin', 'receiverCount': 1, 'publisher': 'f827bf18edd743129b78273840a01b2f', 'id': 30, 'imgNum': 0}, {'readStatus': 1, 'imgId': None, 'updateTime': None, 'title': '再来一条', 'type': 1, 'readCount': 1, 'content': '啥地方阿斯顿发', 'createTime': '2022-04-28T06:33:09.000+0000', 'publisherName': 'admin', 'receiverCount': 1, 'publisher': 'f827bf18edd743129b78273840a01b2f', 'id': 29, 'imgNum': 0}, {'readStatus': 1, 'imgId': None, 'updateTime': None, 'title': '3434', 'type': 1, 'readCount': 1, 'content': '43434', 'createTime': '2022-04-28T06:31:08.000+0000', 'publisherName': 'admin', 'receiverCount': 1, 'publisher': 'f827bf18edd743129b78273840a01b2f', 'id': 28, 'imgNum': 0}], 'totalCountHbSQL': None, 'totalResultList': None, 'entityClass': None, 'param': None, 'pageMenuBar': ['1', '2']}, 'success': True}包含预期结果: {'success': True}
]

[D:\zhubin\auto_framwork\zed\Common\Request.py:send_request:58]   [ERROR]  [2022-07-14 16:27:04,109]   [unkown error]

[D:\zhubin\auto_framwork\zed\Common\Assert.py:assert_in:47]   [INFO]  [2022-07-14 16:27:04,109]   [用例:[消息已读] 执行成功!!!***实际结果: {'errCode': '1', 'errMsg': '响应成功', 'data': {'pageSize': 20, 'totalCount': 32, 'toolbarLen': 10, 'currentPage': 1, 'totalPageCount': 2, 'listHbSql': None, 'resultList': [{'readStatus': 0, 'imgId': None, 'updateTime': None, 'title': 'autotest_202271416273', 'type': 1, 'readCount': 1, 'content': '自动化测试', 'createTime': '2022-07-14T08:27:47.000+0000', 'publisherName': 'admin', 'receiverCount': 1, 'publisher': 'f827bf18edd743129b78273840a01b2f', 'id': 108, 'imgNum': 0}, {'readStatus': 0, 'imgId': None, 'updateTime': None, 'title': 'autotest_2022714161135', 'type': 1, 'readCount': 1, 'content': '自动化测试', 'createTime': '2022-07-14T08:12:19.000+0000', 'publisherName': 'admin', 'receiverCount': 1, 'publisher': 'f827bf18edd743129b78273840a01b2f', 'id': 107, 'imgNum': 0}, {'readStatus': 0, 'imgId': None, 'updateTime': None, 'title': 'autotest_2022624145015', 'type': 1, 'readCount': 1, 'content': '自动化测试', 'createTime': '2022-06-24T06:50:44.000+0000', 'publisherName': 'admin', 'receiverCount': 1, 'publisher': 'f827bf18edd743129b78273840a01b2f', 'id': 106, 'imgNum': 0}, {'readStatus': 0, 'imgId': None, 'updateTime': None, 'title': 'ewe', 'type': 1, 'readCount': 1, 'content': 'wewe', 'createTime': '2022-06-23T08:13:48.000+0000', 'publisherName': 'admin', 'receiverCount': 1, 'publisher': 'f827bf18edd743129b78273840a01b2f', 'id': 80, 'imgNum': 0}, {'readStatus': 0, 'imgId': '402887408142153401818a667ab00026', 'updateTime': None, 'title': 'addad', 'type': 1, 'readCount': 1, 'content': 'adada', 'createTime': '2022-06-22T07:54:47.000+0000', 'publisherName': 'admin', 'receiverCount': 1, 'publisher': 'f827bf18edd743129b78273840a01b2f', 'id': 61, 'imgNum': 1}, {'readStatus': 1, 'imgId': None, 'updateTime': None, 'title': 'admin测试', 'type': 1, 'readCount': 2, 'content': '测试测试', 'createTime': '2022-05-16T02:13:32.000+0000', 'publisherName': 'admin', 'receiverCount': 2, 'publisher': 'f827bf18edd743129b78273840a01b2f', 'id': 50, 'imgNum': 0}, {'readStatus': 1, 'imgId': None, 'updateTime': None, 'title': '鹤骨鸡肤', 'type': 1, 'readCount': 3, 'content': '客家话', 'createTime': '2022-05-12T06:47:47.000+0000', 'publisherName': 'admin', 'receiverCount': 3, 'publisher': 'f827bf18edd743129b78273840a01b2f', 'id': 47, 'imgNum': 0}, {'readStatus': 1, 'imgId': '40288740807477790180922ae997000b,40288740807477790180922aebcc000c', 'updateTime': None, 'title': 'dd ', 'type': 1, 'readCount': 1, 'content': 'dada', 'createTime': '2022-05-05T03:02:16.000+0000', 'publisherName': 'admin', 'receiverCount': 1, 'publisher': 'f827bf18edd743129b78273840a01b2f', 'id': 45, 'imgNum': 2}, {'readStatus': 1, 'imgId': '40288740807311e001807323ea6f0003,40288740807311e001807323ec340004', 'updateTime': None, 'title': '2图片', 'type': 1, 'readCount': 1, 'content': '多打点', 'createTime': '2022-04-29T02:26:26.000+0000', 'publisherName': 'admin', 'receiverCount': 1, 'publisher': 'f827bf18edd743129b78273840a01b2f', 'id': 44, 'imgNum': 2}, {'readStatus': 1, 'imgId': None, 'updateTime': None, 'title': '哈哈哈', 'type': 1, 'readCount': 1, 'content': '哈哈哈', 'createTime': '2022-04-28T10:04:43.000+0000', 'publisherName': 'admin', 'receiverCount': 1, 'publisher': 'f827bf18edd743129b78273840a01b2f', 'id': 43, 'imgNum': 0}, {'readStatus': 1, 'imgId': None, 'updateTime': None, 'title': '阿萨德发放', 'type': 1, 'readCount': 1, 'content': ' 阿萨德发放', 'createTime': '2022-04-28T10:04:15.000+0000', 'publisherName': 'admin', 'receiverCount': 1, 'publisher': 'f827bf18edd743129b78273840a01b2f', 'id': 42, 'imgNum': 0}, {'readStatus': 1, 'imgId': None, 'updateTime': None, 'title': '第三方', 'type': 1, 'readCount': 1, 'content': '士大夫', 'createTime': '2022-04-28T10:03:26.000+0000', 'publisherName': 'admin', 'receiverCount': 1, 'publisher': 'f827bf18edd743129b78273840a01b2f', 'id': 41, 'imgNum': 0}, {'readStatus': 1, 'imgId': None, 'updateTime': None, 'title': '法第三方第三方', 'type': 1, 'readCount': 1, 'content': ' 阿斯顿发阿发', 'createTime': '2022-04-28T10:03:08.000+0000', 'publisherName': 'admin', 'receiverCount': 1, 'publisher': 'f827bf18edd743129b78273840a01b2f', 'id': 40, 'imgNum': 0}, {'readStatus': 1, 'imgId': None, 'updateTime': None, 'title': '阿的说法士大夫撒发', 'type': 1, 'readCount': 1, 'content': ' 第三方阿斯顿发', 'createTime': '2022-04-28T10:02:00.000+0000', 'publisherName': 'admin', 'receiverCount': 1, 'publisher': 'f827bf18edd743129b78273840a01b2f', 'id': 39, 'imgNum': 0}, {'readStatus': 1, 'imgId': None, 'updateTime': None, 'title': '大', 'type': 1, 'readCount': 1, 'content': ' 发生的', 'createTime': '2022-04-28T10:01:30.000+0000', 'publisherName': 'admin', 'receiverCount': 1, 'publisher': 'f827bf18edd743129b78273840a01b2f', 'id': 38, 'imgNum': 0}, {'readStatus': 1, 'imgId': '40288740806f853101806f8cbf530002', 'updateTime': None, 'title': '再来一次', 'type': 1, 'readCount': 1, 'content': '再来一次', 'createTime': '2022-04-28T09:42:33.000+0000', 'publisherName': 'admin', 'receiverCount': 1, 'publisher': 'f827bf18edd743129b78273840a01b2f', 'id': 37, 'imgNum': 1}, {'readStatus': 1, 'imgId': '40288740806ef81001806f6e71e4000e', 'updateTime': None, 'title': '最后一条', 'type': 1, 'readCount': 1, 'content': '最后一条', 'createTime': '2022-04-28T09:09:19.000+0000', 'publisherName': 'admin', 'receiverCount': 1, 'publisher': 'f827bf18edd743129b78273840a01b2f', 'id': 36, 'imgNum': 1}, {'readStatus': 1, 'imgId': None, 'updateTime': None, 'title': 'gadd ', 'type': 1, 'readCount': 1, 'content': 'asdgaf', 'createTime': '2022-04-28T09:07:20.000+0000', 'publisherName': 'admin', 'receiverCount': 1, 'publisher': 'f827bf18edd743129b78273840a01b2f', 'id': 35, 'imgNum': 0}, {'readStatus': 1, 'imgId': None, 'updateTime': None, 'title': '刚刚', 'type': 1, 'readCount': 1, 'content': ' 发的个', 'createTime': '2022-04-28T07:11:49.000+0000', 'publisherName': 'admin', 'receiverCount': 1, 'publisher': 'f827bf18edd743129b78273840a01b2f', 'id': 34, 'imgNum': 0}, {'readStatus': 1, 'imgId': None, 'updateTime': None, 'title': '灌灌灌灌', 'type': 1, 'readCount': 1, 'content': '灌灌灌灌', 'createTime': '2022-04-28T07:08:27.000+0000', 'publisherName': 'admin', 'receiverCount': 1, 'publisher': 'f827bf18edd743129b78273840a01b2f', 'id': 33, 'imgNum': 0}], 'totalCountHbSQL': None, 'totalResultList': None, 'entityClass': None, 'param': None, 'pageMenuBar': ['1', '2']}, 'success': True}包含预期结果: {'success': True}
]

[D:\zhubin\auto_framwork\zed\Common\Request.py:send_request:58]   [ERROR]  [2022-07-14 16:27:04,173]   [unkown error]

[D:\zhubin\auto_framwork\zed\Common\Assert.py:assert_in:47]   [INFO]  [2022-07-14 16:27:04,174]   [用例:[消息未读] 执行成功!!!***实际结果: {'errCode': '1', 'errMsg': '响应成功', 'data': {'pageSize': 20, 'totalCount': 11, 'toolbarLen': 10, 'currentPage': 1, 'totalPageCount': 1, 'listHbSql': None, 'resultList': [{'readStatus': 0, 'imgId': '4028874080b6b45c0180b6e35541000a', 'updateTime': None, 'title': '大大', 'type': 1, 'readCount': 2, 'content': '大额二维任然', 'createTime': '2022-05-12T06:10:07.000+0000', 'publisherName': 'admin', 'receiverCount': 3, 'publisher': 'f827bf18edd743129b78273840a01b2f', 'id': 46, 'imgNum': 1}, {'readStatus': 1, 'imgId': None, 'updateTime': None, 'title': '是打发士大夫', 'type': 1, 'readCount': 2, 'content': '阿斯顿发阿斯顿发', 'createTime': '2022-04-28T07:00:42.000+0000', 'publisherName': 'admin', 'receiverCount': 1, 'publisher': 'f827bf18edd743129b78273840a01b2f', 'id': 31, 'imgNum': 0}, {'readStatus': 1, 'imgId': '40288740806a1dfc01806e162ca0000b,40288740806a1dfc01806e162f23000c', 'updateTime': None, 'title': '两张图片', 'type': 1, 'readCount': 11, 'content': '单独', 'createTime': '2022-04-28T02:53:17.000+0000', 'publisherName': 'admin', 'receiverCount': 1, 'publisher': 'f827bf18edd743129b78273840a01b2f', 'id': 23, 'imgNum': 2}, {'readStatus': 1, 'imgId': '40288740806a1dfc01806e02f570000a', 'updateTime': None, 'title': '图片', 'type': 1, 'readCount': 2, 'content': '的', 'createTime': '2022-04-28T02:32:18.000+0000', 'publisherName': 'admin', 'receiverCount': 1, 'publisher': 'f827bf18edd743129b78273840a01b2f', 'id': 21, 'imgNum': 1}, {'readStatus': 0, 'imgId': None, 'updateTime': None, 'title': '4', 'type': 1, 'readCount': 0, 'content': '4', 'createTime': '2022-04-27T01:23:13.000+0000', 'publisherName': 'admin', 'receiverCount': 1, 'publisher': 'f827bf18edd743129b78273840a01b2f', 'id': 19, 'imgNum': 0}, {'readStatus': 0, 'imgId': None, 'updateTime': None, 'title': '3', 'type': 1, 'readCount': 0, 'content': '3', 'createTime': '2022-04-27T01:23:02.000+0000', 'publisherName': 'admin', 'receiverCount': 1, 'publisher': 'f827bf18edd743129b78273840a01b2f', 'id': 18, 'imgNum': 0}, {'readStatus': 0, 'imgId': None, 'updateTime': None, 'title': '2', 'type': 1, 'readCount': 0, 'content': '2', 'createTime': '2022-04-27T01:22:49.000+0000', 'publisherName': 'admin', 'receiverCount': 1, 'publisher': 'f827bf18edd743129b78273840a01b2f', 'id': 17, 'imgNum': 0}, {'readStatus': 0, 'imgId': None, 'updateTime': None, 'title': '1', 'type': 1, 'readCount': 0, 'content': '1', 'createTime': '2022-04-27T01:22:37.000+0000', 'publisherName': 'admin', 'receiverCount': 1, 'publisher': 'f827bf18edd743129b78273840a01b2f', 'id': 16, 'imgNum': 0}, {'readStatus': 0, 'imgId': None, 'updateTime': None, 'title': '多正文测试多正文测试多正文测试多正文测试多正文测试多正文测试多正文测试多正文测试多正文测试多正文测试多正文测试多正文测试多正文测试多正文测试多正文测试多正文测试多正文测试多正文测试多正文测试多正文测试多正文测试多正文测试多正文测试多正文测试多正文测试多正文测试多正文测试多正文测试多正文测试多正文测试多正文测试多正文测试多正文测试', 'type': 1, 'readCount': 0, 'content': '二维饿二维饿二维饿二维饿二维饿二维饿二维饿二维饿二维饿二维饿二维饿二维饿二维饿二维饿二维饿二维饿二维饿二维饿二维饿二维饿二维饿二维饿二维饿二维饿二维饿二维饿二维饿二维二维饿二维饿二维饿二维饿二维饿二维饿二维饿二维饿二维饿二维饿二维饿二维饿二维饿二维饿二维饿二维饿二维饿二维饿二维饿二维饿二维饿二维饿二维饿二维饿二维饿二维饿二维饿二维二维饿二维饿二维饿二维饿二维饿二维饿二维饿二维饿二维饿二维饿二维饿二维饿二维饿二维饿二维饿二维饿二维饿二维饿二维饿二维饿二维饿二维饿二维饿二维饿二维饿二维饿二维饿二维二维饿二维饿二维饿二维饿二维饿二维饿二维饿二维饿二维饿二维饿二维饿二维饿二维饿二维饿二维饿二维饿二维饿二维饿二维饿二维饿二维饿二维饿二维饿二维饿二维饿二维饿二维饿二维二维饿二维饿二维饿二维饿二维饿二维饿二维饿二维饿二维饿二维饿二维饿二维饿二维饿二维饿二维饿二维饿二维饿二维饿二维饿二维饿二维饿二维饿二维饿二维饿二维饿二维饿二维饿二维二维饿二维饿二维饿二维饿二维饿二维饿二维饿二维饿二维饿二维饿二维饿二维饿二维饿二维饿二维饿二维饿二维饿二维饿二维饿二维饿二维饿二维饿二维饿二维饿二维饿二维饿二维饿二维二维饿二维饿二维饿二维饿二维饿二维饿二维饿二维饿二维饿二维饿二维饿二维饿二维饿二维饿二维饿二维饿二维饿二维饿二维饿二维饿二维饿二维饿二维饿二维饿二维饿二维饿二维饿二维二维饿二维饿二维饿二维饿二维饿二维饿二维饿二维饿二维饿二维饿二维饿二维饿二维饿二维饿二维饿二维饿二维饿二维饿二维饿二维饿二维饿二维饿二维饿二维饿二维饿二维饿二维饿二维二维饿二维饿二维饿二维饿二维饿二维饿二维饿二维饿二维饿二维饿二维饿二维饿二维饿二维饿二维饿二维饿二维饿二维饿二维饿二维饿二维饿二维饿二维饿二维饿二维饿二维饿二维饿二维二维饿二维饿二维饿二维饿二维饿二维饿二维饿二维饿二维饿二维饿二维饿二维饿二维饿二维饿二维饿二维饿二维饿二维饿二维饿二维饿二维饿二维饿二维饿二维饿二维饿二维饿二维饿二维二维饿二维饿二维饿二维饿二维饿二维饿二维饿二维饿二维饿二维饿二维饿二维饿二维饿二维饿二维饿二维饿二维饿二维饿二维饿二维饿二维饿二维饿二维饿二维饿二维饿二维饿二维饿二维二维饿二维饿二维饿二维饿二维饿二维饿二维饿二维饿二维饿二维饿二维饿二维饿二维饿二维饿二维饿二维饿二维饿二维饿二维饿二维饿二维饿二维饿二维饿二维饿二维饿二维饿二维饿二维二维饿二', 'createTime': '2022-04-27T00:56:56.000+0000', 'publisherName': 'admin', 'receiverCount': 1, 'publisher': 'f827bf18edd743129b78273840a01b2f', 'id': 14, 'imgNum': 0}, {'readStatus': 0, 'imgId': None, 'updateTime': None, 'title': '测试', 'type': 1, 'readCount': 3, 'content': '的大V', 'createTime': '2022-04-26T06:35:13.000+0000', 'publisherName': 'admin', 'receiverCount': 1, 'publisher': 'f827bf18edd743129b78273840a01b2f', 'id': 11, 'imgNum': 0}, {'readStatus': 1, 'imgId': '40288740806380380180648d34270005', 'updateTime': None, 'title': '图片通知', 'type': 1, 'readCount': 6, 'content': '测试', 'createTime': '2022-04-26T06:34:16.000+0000', 'publisherName': 'admin', 'receiverCount': 2, 'publisher': 'f827bf18edd743129b78273840a01b2f', 'id': 10, 'imgNum': 1}], 'totalCountHbSQL': None, 'totalResultList': None, 'entityClass': None, 'param': None, 'pageMenuBar': ['1']}, 'success': True}包含预期结果: {'success': True}
]

[D:\zhubin\auto_framwork\zed\Common\Request.py:send_request:58]   [ERROR]  [2022-07-14 16:27:04,240]   [unkown error]

[D:\zhubin\auto_framwork\zed\Common\Assert.py:assert_in:47]   [INFO]  [2022-07-14 16:27:04,241]   [用例:[查询最近一周的消息] 执行成功!!!***实际结果: {'errCode': '1', 'errMsg': '响应成功', 'data': {'pageSize': 20, 'totalCount': 43, 'toolbarLen': 10, 'currentPage': 1, 'totalPageCount': 3, 'listHbSql': None, 'resultList': [{'readStatus': 0, 'imgId': None, 'updateTime': None, 'title': 'autotest_202271416273', 'type': 1, 'readCount': 1, 'content': '自动化测试', 'createTime': '2022-07-14T08:27:47.000+0000', 'publisherName': 'admin', 'receiverCount': 1, 'publisher': 'f827bf18edd743129b78273840a01b2f', 'id': 108, 'imgNum': 0}, {'readStatus': 0, 'imgId': None, 'updateTime': None, 'title': 'autotest_2022714161135', 'type': 1, 'readCount': 1, 'content': '自动化测试', 'createTime': '2022-07-14T08:12:19.000+0000', 'publisherName': 'admin', 'receiverCount': 1, 'publisher': 'f827bf18edd743129b78273840a01b2f', 'id': 107, 'imgNum': 0}, {'readStatus': 0, 'imgId': None, 'updateTime': None, 'title': 'autotest_2022624145015', 'type': 1, 'readCount': 1, 'content': '自动化测试', 'createTime': '2022-06-24T06:50:44.000+0000', 'publisherName': 'admin', 'receiverCount': 1, 'publisher': 'f827bf18edd743129b78273840a01b2f', 'id': 106, 'imgNum': 0}, {'readStatus': 0, 'imgId': None, 'updateTime': None, 'title': 'ewe', 'type': 1, 'readCount': 1, 'content': 'wewe', 'createTime': '2022-06-23T08:13:48.000+0000', 'publisherName': 'admin', 'receiverCount': 1, 'publisher': 'f827bf18edd743129b78273840a01b2f', 'id': 80, 'imgNum': 0}, {'readStatus': 0, 'imgId': '402887408142153401818a667ab00026', 'updateTime': None, 'title': 'addad', 'type': 1, 'readCount': 1, 'content': 'adada', 'createTime': '2022-06-22T07:54:47.000+0000', 'publisherName': 'admin', 'receiverCount': 1, 'publisher': 'f827bf18edd743129b78273840a01b2f', 'id': 61, 'imgNum': 1}, {'readStatus': 1, 'imgId': None, 'updateTime': None, 'title': 'admin测试', 'type': 1, 'readCount': 2, 'content': '测试测试', 'createTime': '2022-05-16T02:13:32.000+0000', 'publisherName': 'admin', 'receiverCount': 2, 'publisher': 'f827bf18edd743129b78273840a01b2f', 'id': 50, 'imgNum': 0}, {'readStatus': 1, 'imgId': None, 'updateTime': None, 'title': '鹤骨鸡肤', 'type': 1, 'readCount': 3, 'content': '客家话', 'createTime': '2022-05-12T06:47:47.000+0000', 'publisherName': 'admin', 'receiverCount': 3, 'publisher': 'f827bf18edd743129b78273840a01b2f', 'id': 47, 'imgNum': 0}, {'readStatus': 0, 'imgId': '4028874080b6b45c0180b6e35541000a', 'updateTime': None, 'title': '大大', 'type': 1, 'readCount': 2, 'content': '大额二维任然', 'createTime': '2022-05-12T06:10:07.000+0000', 'publisherName': 'admin', 'receiverCount': 3, 'publisher': 'f827bf18edd743129b78273840a01b2f', 'id': 46, 'imgNum': 1}, {'readStatus': 1, 'imgId': '40288740807477790180922ae997000b,40288740807477790180922aebcc000c', 'updateTime': None, 'title': 'dd ', 'type': 1, 'readCount': 1, 'content': 'dada', 'createTime': '2022-05-05T03:02:16.000+0000', 'publisherName': 'admin', 'receiverCount': 1, 'publisher': 'f827bf18edd743129b78273840a01b2f', 'id': 45, 'imgNum': 2}, {'readStatus': 1, 'imgId': '40288740807311e001807323ea6f0003,40288740807311e001807323ec340004', 'updateTime': None, 'title': '2图片', 'type': 1, 'readCount': 1, 'content': '多打点', 'createTime': '2022-04-29T02:26:26.000+0000', 'publisherName': 'admin', 'receiverCount': 1, 'publisher': 'f827bf18edd743129b78273840a01b2f', 'id': 44, 'imgNum': 2}, {'readStatus': 1, 'imgId': None, 'updateTime': None, 'title': '哈哈哈', 'type': 1, 'readCount': 1, 'content': '哈哈哈', 'createTime': '2022-04-28T10:04:43.000+0000', 'publisherName': 'admin', 'receiverCount': 1, 'publisher': 'f827bf18edd743129b78273840a01b2f', 'id': 43, 'imgNum': 0}, {'readStatus': 1, 'imgId': None, 'updateTime': None, 'title': '阿萨德发放', 'type': 1, 'readCount': 1, 'content': ' 阿萨德发放', 'createTime': '2022-04-28T10:04:15.000+0000', 'publisherName': 'admin', 'receiverCount': 1, 'publisher': 'f827bf18edd743129b78273840a01b2f', 'id': 42, 'imgNum': 0}, {'readStatus': 1, 'imgId': None, 'updateTime': None, 'title': '第三方', 'type': 1, 'readCount': 1, 'content': '士大夫', 'createTime': '2022-04-28T10:03:26.000+0000', 'publisherName': 'admin', 'receiverCount': 1, 'publisher': 'f827bf18edd743129b78273840a01b2f', 'id': 41, 'imgNum': 0}, {'readStatus': 1, 'imgId': None, 'updateTime': None, 'title': '法第三方第三方', 'type': 1, 'readCount': 1, 'content': ' 阿斯顿发阿发', 'createTime': '2022-04-28T10:03:08.000+0000', 'publisherName': 'admin', 'receiverCount': 1, 'publisher': 'f827bf18edd743129b78273840a01b2f', 'id': 40, 'imgNum': 0}, {'readStatus': 1, 'imgId': None, 'updateTime': None, 'title': '阿的说法士大夫撒发', 'type': 1, 'readCount': 1, 'content': ' 第三方阿斯顿发', 'createTime': '2022-04-28T10:02:00.000+0000', 'publisherName': 'admin', 'receiverCount': 1, 'publisher': 'f827bf18edd743129b78273840a01b2f', 'id': 39, 'imgNum': 0}, {'readStatus': 1, 'imgId': None, 'updateTime': None, 'title': '大', 'type': 1, 'readCount': 1, 'content': ' 发生的', 'createTime': '2022-04-28T10:01:30.000+0000', 'publisherName': 'admin', 'receiverCount': 1, 'publisher': 'f827bf18edd743129b78273840a01b2f', 'id': 38, 'imgNum': 0}, {'readStatus': 1, 'imgId': '40288740806f853101806f8cbf530002', 'updateTime': None, 'title': '再来一次', 'type': 1, 'readCount': 1, 'content': '再来一次', 'createTime': '2022-04-28T09:42:33.000+0000', 'publisherName': 'admin', 'receiverCount': 1, 'publisher': 'f827bf18edd743129b78273840a01b2f', 'id': 37, 'imgNum': 1}, {'readStatus': 1, 'imgId': '40288740806ef81001806f6e71e4000e', 'updateTime': None, 'title': '最后一条', 'type': 1, 'readCount': 1, 'content': '最后一条', 'createTime': '2022-04-28T09:09:19.000+0000', 'publisherName': 'admin', 'receiverCount': 1, 'publisher': 'f827bf18edd743129b78273840a01b2f', 'id': 36, 'imgNum': 1}, {'readStatus': 1, 'imgId': None, 'updateTime': None, 'title': 'gadd ', 'type': 1, 'readCount': 1, 'content': 'asdgaf', 'createTime': '2022-04-28T09:07:20.000+0000', 'publisherName': 'admin', 'receiverCount': 1, 'publisher': 'f827bf18edd743129b78273840a01b2f', 'id': 35, 'imgNum': 0}, {'readStatus': 1, 'imgId': None, 'updateTime': None, 'title': '刚刚', 'type': 1, 'readCount': 1, 'content': ' 发的个', 'createTime': '2022-04-28T07:11:49.000+0000', 'publisherName': 'admin', 'receiverCount': 1, 'publisher': 'f827bf18edd743129b78273840a01b2f', 'id': 34, 'imgNum': 0}], 'totalCountHbSQL': None, 'totalResultList': None, 'entityClass': None, 'param': None, 'pageMenuBar': ['1', '2', '3']}, 'success': True}包含预期结果: {'success': True}
]

[D:\zhubin\auto_framwork\zed\Common\Request.py:send_request:58]   [ERROR]  [2022-07-14 16:27:40,675]   [unkown error]

[D:\zhubin\auto_framwork\zed\TestCase\MessageNotice\test_queryMsg.py:test_msg:41]   [ERROR]  [2022-07-14 16:27:40,676]   [token已过期，请重新获取！！！]

[D:\zhubin\auto_framwork\zed\Common\Request.py:send_request:58]   [ERROR]  [2022-07-14 16:27:40,712]   [unkown error]

[D:\zhubin\auto_framwork\zed\TestCase\MessageNotice\test_queryMsg.py:test_msg:41]   [ERROR]  [2022-07-14 16:27:40,712]   [token已过期，请重新获取！！！]

[D:\zhubin\auto_framwork\zed\Common\Request.py:send_request:58]   [ERROR]  [2022-07-14 16:27:40,748]   [unkown error]

[D:\zhubin\auto_framwork\zed\TestCase\MessageNotice\test_queryMsg.py:test_msg:41]   [ERROR]  [2022-07-14 16:27:40,748]   [token已过期，请重新获取！！！]

[D:\zhubin\auto_framwork\zed\Common\Request.py:send_request:58]   [ERROR]  [2022-07-14 16:27:40,786]   [unkown error]

[D:\zhubin\auto_framwork\zed\TestCase\MessageNotice\test_queryMsg.py:test_msg:41]   [ERROR]  [2022-07-14 16:27:40,786]   [token已过期，请重新获取！！！]

[D:\zhubin\auto_framwork\zed\Common\Request.py:send_request:58]   [ERROR]  [2022-07-14 16:27:40,823]   [unkown error]

[D:\zhubin\auto_framwork\zed\TestCase\MessageNotice\test_queryMsg.py:test_msg:41]   [ERROR]  [2022-07-14 16:27:40,824]   [token已过期，请重新获取！！！]

[D:\zhubin\auto_framwork\zed\Common\Request.py:send_request:58]   [ERROR]  [2022-07-14 16:27:40,861]   [unkown error]

[D:\zhubin\auto_framwork\zed\TestCase\MessageNotice\test_queryMsg.py:test_msg:41]   [ERROR]  [2022-07-14 16:27:40,861]   [token已过期，请重新获取！！！]

[D:\zhubin\auto_framwork\zed\Common\Request.py:send_request:58]   [ERROR]  [2022-07-14 16:27:40,896]   [unkown error]

[D:\zhubin\auto_framwork\zed\TestCase\MessageNotice\test_queryMsg.py:test_msg:41]   [ERROR]  [2022-07-14 16:27:40,897]   [token已过期，请重新获取！！！]

[D:\zhubin\auto_framwork\zed\Common\Request.py:send_request:58]   [ERROR]  [2022-07-14 16:27:40,934]   [unkown error]

[D:\zhubin\auto_framwork\zed\TestCase\MessageNotice\test_queryMsg.py:test_msg:41]   [ERROR]  [2022-07-14 16:27:40,934]   [token已过期，请重新获取！！！]

[D:\zhubin\auto_framwork\zed\Common\Request.py:send_request:58]   [ERROR]  [2022-07-14 16:28:21,265]   [unkown error]

[D:\zhubin\auto_framwork\zed\TestCase\MessageNotice\test_queryMsg.py:test_msg:41]   [ERROR]  [2022-07-14 16:28:25,172]   [token已过期，请重新获取！！！]

[D:\zhubin\auto_framwork\zed\Common\Request.py:send_request:58]   [ERROR]  [2022-07-14 16:28:59,168]   [unkown error]
